[ 2018-07-27T16:43:48+08:00 ] /modelSys/Admin/index.php/Index/index | INFO: [ route_check ] --START--
[ 2018-07-27T16:43:48+08:00 ] /modelSys/Admin/index.php/Index/index | INFO: Tag[ route_check ] --START--
[ 2018-07-27T16:43:48+08:00 ] /modelSys/Admin/index.php/Index/index | INFO: Run CheckRoute Behavior [ RunTime:0.001641s ]
[ 2018-07-27T16:43:48+08:00 ] /modelSys/Admin/index.php/Index/index | INFO: Run CheckRoute Behavior [ RunTime:0.001641s ]
[ 2018-07-27T16:43:48+08:00 ] /modelSys/Admin/index.php/Index/index | INFO: [ route_check ] --END-- [ RunTime:0.001812s ]
[ 2018-07-27T16:43:48+08:00 ] /modelSys/Admin/index.php/Index/index | INFO: Tag[ route_check ] --END-- [ RunTime:0.001812s ]
[ 2018-07-27T16:43:48+08:00 ] /modelSys/Admin/index.php/Index/index | INFO: [ app_begin ] --START--
[ 2018-07-27T16:43:48+08:00 ] /modelSys/Admin/index.php/Index/index | INFO: Tag[ app_begin ] --START--
[ 2018-07-27T16:43:48+08:00 ] /modelSys/Admin/index.php/Index/index | INFO: Run ReadHtmlCache Behavior [ RunTime:0.001193s ]
[ 2018-07-27T16:43:48+08:00 ] /modelSys/Admin/index.php/Index/index | INFO: Run ReadHtmlCache Behavior [ RunTime:0.001193s ]
[ 2018-07-27T16:43:48+08:00 ] /modelSys/Admin/index.php/Index/index | INFO: Run CheckLang Behavior [ RunTime:0.001532s ]
[ 2018-07-27T16:43:48+08:00 ] /modelSys/Admin/index.php/Index/index | INFO: Run CheckLang Behavior [ RunTime:0.001532s ]
[ 2018-07-27T16:43:48+08:00 ] /modelSys/Admin/index.php/Index/index | INFO: [ app_begin ] --END-- [ RunTime:0.002854s ]
[ 2018-07-27T16:43:48+08:00 ] /modelSys/Admin/index.php/Index/index | INFO: Tag[ app_begin ] --END-- [ RunTime:0.002854s ]
[ 2018-07-27T16:43:48+08:00 ] /modelSys/Admin/index.php/Index/index | NOTIC: [2048] Declaration of IndexExtendAction::getAgeByToCarId() should be compatible with that of CommonAction::getAgeByToCarId() IndexExtendAction.class.php 第 20 行.
[ 2018-07-27T16:43:48+08:00 ] /modelSys/Admin/index.php/Index/index | SQL: SHOW COLUMNS FROM `user` [ 执行文件：，行号:，运行时间:0.0048s ]
[ 2018-07-27T16:43:48+08:00 ] /modelSys/Admin/index.php/Index/index | SQL: SHOW COLUMNS FROM `user` [ 执行文件：，行号:，运行时间:0.0048s ]
[ 2018-07-27T16:43:48+08:00 ] /modelSys/Admin/index.php/Index/index | NOTIC: [8] Undefined index: nodeActionName1 common.php 第 4027 行.
[ 2018-07-27T16:43:48+08:00 ] /modelSys/Admin/index.php/Index/index | NOTIC: [8] Undefined index: nodeAuditId1 common.php 第 4029 行.
[ 2018-07-27T16:43:48+08:00 ] /modelSys/Admin/index.php/Index/index | NOTIC: [2] Missing argument 1 for UserModel::getConfNotAuth(), called in E:\PHP\phpstudy\PHPTutorial\WWW\modelSys\Admin\Lib\Action\CommonAction.class.php on line 96 and defined UserModel.class.php 第 409 行.
[ 2018-07-27T16:43:48+08:00 ] /modelSys/Admin/index.php/Index/index | NOTIC: [8] Undefined variable: type UserModel.class.php 第 411 行.
[ 2018-07-27T16:43:48+08:00 ] /modelSys/Admin/index.php/Index/index | NOTIC: [8] Undefined index: NOT_AUTH_MODUL UserModel.class.php 第 416 行.
[ 2018-07-27T16:43:48+08:00 ] /modelSys/Admin/index.php/Index/index | NOTIC: [8] Undefined index: iseditor CommonAction.class.php 第 5490 行.
[ 2018-07-27T16:43:48+08:00 ] /modelSys/Admin/index.php/Index/index | NOTIC: [8] Undefined index: iseditor CommonAction.class.php 第 5490 行.
[ 2018-07-27T16:43:48+08:00 ] /modelSys/Admin/index.php/Index/index | NOTIC: [8] Undefined index: iseditor CommonAction.class.php 第 5490 行.
[ 2018-07-27T16:43:48+08:00 ] /modelSys/Admin/index.php/Index/index | NOTIC: [8] Undefined index: iseditor CommonAction.class.php 第 5490 行.
[ 2018-07-27T16:43:48+08:00 ] /modelSys/Admin/index.php/Index/index | SQL: SHOW COLUMNS FROM `mis_system_panel_desing_mas` [ 执行文件：，行号:，运行时间:0.0047s ]
[ 2018-07-27T16:43:48+08:00 ] /modelSys/Admin/index.php/Index/index | SQL: SHOW COLUMNS FROM `mis_system_panel_desing_mas` [ 执行文件：，行号:，运行时间:0.0047s ]
[ 2018-07-27T16:43:48+08:00 ] /modelSys/Admin/index.php/Index/index | NOTIC: [8] Undefined index: nodeActionName1 common.php 第 4027 行.
[ 2018-07-27T16:43:48+08:00 ] /modelSys/Admin/index.php/Index/index | NOTIC: [8] Undefined index: nodeAuditId1 common.php 第 4029 行.
[ 2018-07-27T16:43:48+08:00 ] /modelSys/Admin/index.php/Index/index | SQL: SHOW COLUMNS FROM `mis_system_panel_desing_role` [ 执行文件：，行号:，运行时间:0.0007s ]
[ 2018-07-27T16:43:48+08:00 ] /modelSys/Admin/index.php/Index/index | SQL: SHOW COLUMNS FROM `mis_system_panel_desing_role` [ 执行文件：，行号:，运行时间:0.0007s ]
[ 2018-07-27T16:43:48+08:00 ] /modelSys/Admin/index.php/Index/index | NOTIC: [8] Undefined index: nodeActionName1 common.php 第 4027 行.
[ 2018-07-27T16:43:48+08:00 ] /modelSys/Admin/index.php/Index/index | NOTIC: [8] Undefined index: nodeAuditId1 common.php 第 4029 行.
[ 2018-07-27T16:43:48+08:00 ] /modelSys/Admin/index.php/Index/index | NOTIC: [8] Undefined index: extendwhere Model.class.php 第 278 行.
[ 2018-07-27T16:43:48+08:00 ] /modelSys/Admin/index.php/Index/index | NOTIC: [2] mkdir() [<a href='function.mkdir'>function.mkdir</a>]: No such file or directory common.php 第 495 行.
[ 2018-07-27T16:43:48+08:00 ] /modelSys/Admin/index.php/Index/index | NOTIC: [2] mkdir() [<a href='function.mkdir'>function.mkdir</a>]: No such file or directory common.php 第 495 行.
[ 2018-07-27T16:43:48+08:00 ] /modelSys/Admin/index.php/Index/index | SQL: SELECT * FROM `mis_system_panel_desing_role` WHERE ( `status` = 1 ) AND ( `objtype` = 1 )  [ 执行文件：E:\PHP\phpstudy\PHPTutorial\WWW\modelSys\Admin\Lib\Model\MisSystemPanelDesingMasModel.class.php，行号:205，运行时间:0.0007s ]
[ 2018-07-27T16:43:48+08:00 ] /modelSys/Admin/index.php/Index/index | SQL: SELECT * FROM `mis_system_panel_desing_role` WHERE ( `status` = 1 ) AND ( `objtype` = 1 )  [ 执行文件：E:\PHP\phpstudy\PHPTutorial\WWW\modelSys\Admin\Lib\Model\MisSystemPanelDesingMasModel.class.php，行号:205，运行时间:0.0007s ]
[ 2018-07-27T16:43:48+08:00 ] /modelSys/Admin/index.php/Index/index | NOTIC: [2] Invalid argument supplied for foreach() MisSystemPanelDesingMasModel.class.php 第 206 行.
[ 2018-07-27T16:43:48+08:00 ] /modelSys/Admin/index.php/Index/index | NOTIC: [8] Undefined index: extendwhere Model.class.php 第 278 行.
[ 2018-07-27T16:43:48+08:00 ] /modelSys/Admin/index.php/Index/index | NOTIC: [2] mkdir() [<a href='function.mkdir'>function.mkdir</a>]: No such file or directory common.php 第 495 行.
[ 2018-07-27T16:43:48+08:00 ] /modelSys/Admin/index.php/Index/index | NOTIC: [2] mkdir() [<a href='function.mkdir'>function.mkdir</a>]: No such file or directory common.php 第 495 行.
[ 2018-07-27T16:43:49+08:00 ] /modelSys/Admin/index.php/Index/index | SQL: SELECT * FROM `mis_system_panel_desing_role` WHERE ( mis_system_panel_desing_role.status = 1 ) AND ( mis_system_panel_desing_role.objtype = 2 )  [ 执行文件：E:\PHP\phpstudy\PHPTutorial\WWW\modelSys\Admin\Lib\Model\MisSystemPanelDesingMasModel.class.php，行号:221，运行时间:0.0006s ]
[ 2018-07-27T16:43:49+08:00 ] /modelSys/Admin/index.php/Index/index | SQL: SELECT * FROM `mis_system_panel_desing_role` WHERE ( mis_system_panel_desing_role.status = 1 ) AND ( mis_system_panel_desing_role.objtype = 2 )  [ 执行文件：E:\PHP\phpstudy\PHPTutorial\WWW\modelSys\Admin\Lib\Model\MisSystemPanelDesingMasModel.class.php，行号:221，运行时间:0.0006s ]
[ 2018-07-27T16:43:49+08:00 ] /modelSys/Admin/index.php/Index/index | NOTIC: [2] Invalid argument supplied for foreach() MisSystemPanelDesingMasModel.class.php 第 223 行.
[ 2018-07-27T16:43:49+08:00 ] /modelSys/Admin/index.php/Index/index | SQL: SHOW COLUMNS FROM `rolegroup_user` [ 执行文件：E:\PHP\phpstudy\PHPTutorial\WWW\modelSys\Admin\Lib\Model\MisSystemPanelDesingMasModel.class.php，行号:221，运行时间:0.0043s ]
[ 2018-07-27T16:43:49+08:00 ] /modelSys/Admin/index.php/Index/index | SQL: SHOW COLUMNS FROM `rolegroup_user` [ 执行文件：E:\PHP\phpstudy\PHPTutorial\WWW\modelSys\Admin\Lib\Model\MisSystemPanelDesingMasModel.class.php，行号:221，运行时间:0.0043s ]
[ 2018-07-27T16:43:49+08:00 ] /modelSys/Admin/index.php/Index/index | NOTIC: [8] Undefined index: nodeActionName1 common.php 第 4027 行.
[ 2018-07-27T16:43:49+08:00 ] /modelSys/Admin/index.php/Index/index | NOTIC: [8] Undefined index: nodeAuditId1 common.php 第 4029 行.
[ 2018-07-27T16:43:49+08:00 ] /modelSys/Admin/index.php/Index/index | NOTIC: [2] mkdir() [<a href='function.mkdir'>function.mkdir</a>]: No such file or directory common.php 第 495 行.
[ 2018-07-27T16:43:49+08:00 ] /modelSys/Admin/index.php/Index/index | NOTIC: [2] mkdir() [<a href='function.mkdir'>function.mkdir</a>]: No such file or directory common.php 第 495 行.
[ 2018-07-27T16:43:49+08:00 ] /modelSys/Admin/index.php/Index/index | SQL: SELECT * FROM `rolegroup_user` WHERE user_id!='' and user_id is not null ORDER BY user_id  [ 执行文件：E:\PHP\phpstudy\PHPTutorial\WWW\modelSys\Admin\Lib\Model\MisSystemPanelDesingMasModel.class.php，行号:236，运行时间:0.0005s ]
[ 2018-07-27T16:43:49+08:00 ] /modelSys/Admin/index.php/Index/index | SQL: SELECT * FROM `rolegroup_user` WHERE user_id!='' and user_id is not null ORDER BY user_id  [ 执行文件：E:\PHP\phpstudy\PHPTutorial\WWW\modelSys\Admin\Lib\Model\MisSystemPanelDesingMasModel.class.php，行号:236，运行时间:0.0005s ]
[ 2018-07-27T16:43:49+08:00 ] /modelSys/Admin/index.php/Index/index | NOTIC: [2] Invalid argument supplied for foreach() MisSystemPanelDesingMasModel.class.php 第 237 行.
[ 2018-07-27T16:43:49+08:00 ] /modelSys/Admin/index.php/Index/index | SQL: SHOW COLUMNS FROM `user` [ 执行文件：E:\PHP\phpstudy\PHPTutorial\WWW\modelSys\Admin\Lib\Model\MisSystemPanelDesingMasModel.class.php，行号:236，运行时间:0.0008s ]
[ 2018-07-27T16:43:49+08:00 ] /modelSys/Admin/index.php/Index/index | SQL: SHOW COLUMNS FROM `user` [ 执行文件：E:\PHP\phpstudy\PHPTutorial\WWW\modelSys\Admin\Lib\Model\MisSystemPanelDesingMasModel.class.php，行号:236，运行时间:0.0008s ]
[ 2018-07-27T16:43:49+08:00 ] /modelSys/Admin/index.php/Index/index | NOTIC: [8] Undefined index: nodeActionName1 common.php 第 4027 行.
[ 2018-07-27T16:43:49+08:00 ] /modelSys/Admin/index.php/Index/index | NOTIC: [8] Undefined index: nodeAuditId1 common.php 第 4029 行.
[ 2018-07-27T16:43:49+08:00 ] /modelSys/Admin/index.php/Index/index | NOTIC: [2] mkdir() [<a href='function.mkdir'>function.mkdir</a>]: No such file or directory common.php 第 495 行.
[ 2018-07-27T16:43:49+08:00 ] /modelSys/Admin/index.php/Index/index | SQL: SELECT * FROM `user` WHERE status=1  [ 执行文件：E:\PHP\phpstudy\PHPTutorial\WWW\modelSys\Admin\Lib\Model\MisSystemPanelDesingMasModel.class.php，行号:244，运行时间:0.0006s ]
[ 2018-07-27T16:43:49+08:00 ] /modelSys/Admin/index.php/Index/index | SQL: SELECT * FROM `user` WHERE status=1  [ 执行文件：E:\PHP\phpstudy\PHPTutorial\WWW\modelSys\Admin\Lib\Model\MisSystemPanelDesingMasModel.class.php，行号:244，运行时间:0.0006s ]
[ 2018-07-27T16:43:49+08:00 ] /modelSys/Admin/index.php/Index/index | NOTIC: [8] Undefined index: 1 MisSystemPanelDesingMasModel.class.php 第 262 行.
[ 2018-07-27T16:43:49+08:00 ] /modelSys/Admin/index.php/Index/index | NOTIC: [2] Invalid argument supplied for foreach() MisSystemPanelDesingMasModel.class.php 第 262 行.
[ 2018-07-27T16:43:49+08:00 ] /modelSys/Admin/index.php/Index/index | NOTIC: [2] Missing argument 1 for Dir::__construct(), called in E:\PHP\phpstudy\PHPTutorial\WWW\modelSys\Admin\Lib\Action\IndexAction.class.php on line 43 and defined Dir.class.php 第 37 行.
[ 2018-07-27T16:43:49+08:00 ] /modelSys/Admin/index.php/Index/index | NOTIC: [8] Undefined variable: path Dir.class.php 第 39 行.
[ 2018-07-27T16:43:49+08:00 ] /modelSys/Admin/index.php/Index/index | NOTIC: [8] Undefined variable: path Dir.class.php 第 39 行.
[ 2018-07-27T16:43:49+08:00 ] /modelSys/Admin/index.php/Index/index | NOTIC: [8] Undefined index: data IndexAction.class.php 第 51 行.
[ 2018-07-27T16:43:49+08:00 ] /modelSys/Admin/index.php/Index/index | SQL: SHOW COLUMNS FROM `public` [ 执行文件：E:\PHP\phpstudy\PHPTutorial\WWW\modelSys\Admin\Lib\Model\MisSystemPanelDesingMasModel.class.php，行号:244，运行时间:0.0007s ]
[ 2018-07-27T16:43:49+08:00 ] /modelSys/Admin/index.php/Index/index | SQL: SHOW COLUMNS FROM `public` [ 执行文件：E:\PHP\phpstudy\PHPTutorial\WWW\modelSys\Admin\Lib\Model\MisSystemPanelDesingMasModel.class.php，行号:244，运行时间:0.0007s ]
[ 2018-07-27T16:43:49+08:00 ] /modelSys/Admin/index.php/Index/index | NOTIC: [8] Undefined index: nodeActionName1 common.php 第 4027 行.
[ 2018-07-27T16:43:49+08:00 ] /modelSys/Admin/index.php/Index/index | NOTIC: [8] Undefined index: nodeAuditId1 common.php 第 4029 行.
[ 2018-07-27T16:43:49+08:00 ] /modelSys/Admin/index.php/Index/index | SQL: SHOW COLUMNS FROM `node` [ 执行文件：E:\PHP\phpstudy\PHPTutorial\WWW\modelSys\Admin\Lib\Model\MisSystemPanelDesingMasModel.class.php，行号:244，运行时间:0.0034s ]
[ 2018-07-27T16:43:49+08:00 ] /modelSys/Admin/index.php/Index/index | SQL: SHOW COLUMNS FROM `node` [ 执行文件：E:\PHP\phpstudy\PHPTutorial\WWW\modelSys\Admin\Lib\Model\MisSystemPanelDesingMasModel.class.php，行号:244，运行时间:0.0034s ]
[ 2018-07-27T16:43:49+08:00 ] /modelSys/Admin/index.php/Index/index | NOTIC: [8] Undefined index: extendwhere Model.class.php 第 278 行.
[ 2018-07-27T16:43:49+08:00 ] /modelSys/Admin/index.php/Index/index | NOTIC: [2] mkdir() [<a href='function.mkdir'>function.mkdir</a>]: No such file or directory common.php 第 495 行.
[ 2018-07-27T16:43:49+08:00 ] /modelSys/Admin/index.php/Index/index | NOTIC: [2] mkdir() [<a href='function.mkdir'>function.mkdir</a>]: No such file or directory common.php 第 495 行.
[ 2018-07-27T16:43:49+08:00 ] /modelSys/Admin/index.php/Index/index | SQL: SELECT `id`,`title`,`pid`,`name`,`level` FROM `node` WHERE ( `group_id` = 24 ) AND ( `status` = 1 ) AND ( `showmenu` = 1 ) AND ( `level` <> 4 ) ORDER BY sort asc  [ 执行文件：E:\PHP\phpstudy\PHPTutorial\WWW\modelSys\Admin\Lib\Model\PublicModel.class.php，行号:16，运行时间:0.0005s ]
[ 2018-07-27T16:43:49+08:00 ] /modelSys/Admin/index.php/Index/index | SQL: SELECT `id`,`title`,`pid`,`name`,`level` FROM `node` WHERE ( `group_id` = 24 ) AND ( `status` = 1 ) AND ( `showmenu` = 1 ) AND ( `level` <> 4 ) ORDER BY sort asc  [ 执行文件：E:\PHP\phpstudy\PHPTutorial\WWW\modelSys\Admin\Lib\Model\PublicModel.class.php，行号:16，运行时间:0.0005s ]
[ 2018-07-27T16:43:49+08:00 ] /modelSys/Admin/index.php/Index/index | NOTIC: [8] Undefined index: nodeActionName1 common.php 第 4027 行.
[ 2018-07-27T16:43:49+08:00 ] /modelSys/Admin/index.php/Index/index | NOTIC: [8] Undefined index: nodeAuditId1 common.php 第 4029 行.
[ 2018-07-27T16:43:49+08:00 ] /modelSys/Admin/index.php/Index/index | SQL: SHOW COLUMNS FROM `node` [ 执行文件：E:\PHP\phpstudy\PHPTutorial\WWW\modelSys\Admin\Lib\Model\PublicModel.class.php，行号:16，运行时间:0.0006s ]
[ 2018-07-27T16:43:49+08:00 ] /modelSys/Admin/index.php/Index/index | SQL: SHOW COLUMNS FROM `node` [ 执行文件：E:\PHP\phpstudy\PHPTutorial\WWW\modelSys\Admin\Lib\Model\PublicModel.class.php，行号:16，运行时间:0.0006s ]
[ 2018-07-27T16:43:49+08:00 ] /modelSys/Admin/index.php/Index/index | NOTIC: [8] Undefined index: nodeActionName1 common.php 第 4027 行.
[ 2018-07-27T16:43:49+08:00 ] /modelSys/Admin/index.php/Index/index | NOTIC: [8] Undefined index: nodeAuditId1 common.php 第 4029 行.
[ 2018-07-27T16:43:49+08:00 ] /modelSys/Admin/index.php/Index/index | NOTIC: [8] Undefined index: extendwhere Model.class.php 第 278 行.
[ 2018-07-27T16:43:49+08:00 ] /modelSys/Admin/index.php/Index/index | NOTIC: [2] mkdir() [<a href='function.mkdir'>function.mkdir</a>]: No such file or directory common.php 第 495 行.
[ 2018-07-27T16:43:49+08:00 ] /modelSys/Admin/index.php/Index/index | NOTIC: [2] mkdir() [<a href='function.mkdir'>function.mkdir</a>]: No such file or directory common.php 第 495 行.
[ 2018-07-27T16:43:49+08:00 ] /modelSys/Admin/index.php/Index/index | SQL: SELECT `name` FROM `node` WHERE ( `status` = 1 ) AND ( `level` < 4 )  [ 执行文件：E:\PHP\phpstudy\PHPTutorial\WWW\modelSys\Admin\Lib\Model\SerialNumberModel.class.php，行号:123，运行时间:0.0004s ]
[ 2018-07-27T16:43:49+08:00 ] /modelSys/Admin/index.php/Index/index | SQL: SELECT `name` FROM `node` WHERE ( `status` = 1 ) AND ( `level` < 4 )  [ 执行文件：E:\PHP\phpstudy\PHPTutorial\WWW\modelSys\Admin\Lib\Model\SerialNumberModel.class.php，行号:123，运行时间:0.0004s ]
[ 2018-07-27T16:43:49+08:00 ] /modelSys/Admin/index.php/Index/index | NOTIC: [2] Invalid argument supplied for foreach() PublicModel.class.php 第 25 行.
[ 2018-07-27T16:43:49+08:00 ] /modelSys/Admin/index.php/Index/index | SQL: SHOW COLUMNS FROM `user_dept_duty` [ 执行文件：E:\PHP\phpstudy\PHPTutorial\WWW\modelSys\Admin\Lib\Model\SerialNumberModel.class.php，行号:123，运行时间:0.0039s ]
[ 2018-07-27T16:43:49+08:00 ] /modelSys/Admin/index.php/Index/index | SQL: SHOW COLUMNS FROM `user_dept_duty` [ 执行文件：E:\PHP\phpstudy\PHPTutorial\WWW\modelSys\Admin\Lib\Model\SerialNumberModel.class.php，行号:123，运行时间:0.0039s ]
[ 2018-07-27T16:43:49+08:00 ] /modelSys/Admin/index.php/Index/index | NOTIC: [8] Undefined index: nodeActionName1 common.php 第 4027 行.
[ 2018-07-27T16:43:49+08:00 ] /modelSys/Admin/index.php/Index/index | NOTIC: [8] Undefined index: nodeAuditId1 common.php 第 4029 行.
[ 2018-07-27T16:43:49+08:00 ] /modelSys/Admin/index.php/Index/index | NOTIC: [8] Undefined index: extendwhere Model.class.php 第 278 行.
[ 2018-07-27T16:43:49+08:00 ] /modelSys/Admin/index.php/Index/index | NOTIC: [2] mkdir() [<a href='function.mkdir'>function.mkdir</a>]: No such file or directory common.php 第 495 行.
[ 2018-07-27T16:43:49+08:00 ] /modelSys/Admin/index.php/Index/index | SQL: SELECT user_dept_duty.id as id,mis_system_company.id as companyid,mis_system_company.name as name,mis_system_company.picture as picture FROM `user_dept_duty` LEFT JOIN mis_system_company as mis_system_company on mis_system_company.id = user_dept_duty.companyid WHERE ( user_dept_duty.status = 1 ) AND ( user_dept_duty.userid = '1' )  [ 执行文件：E:\PHP\phpstudy\PHPTutorial\WWW\modelSys\Admin\Lib\Action\IndexAction.class.php，行号:82，运行时间:0.0035s ]
[ 2018-07-27T16:43:49+08:00 ] /modelSys/Admin/index.php/Index/index | SQL: SELECT user_dept_duty.id as id,mis_system_company.id as companyid,mis_system_company.name as name,mis_system_company.picture as picture FROM `user_dept_duty` LEFT JOIN mis_system_company as mis_system_company on mis_system_company.id = user_dept_duty.companyid WHERE ( user_dept_duty.status = 1 ) AND ( user_dept_duty.userid = '1' )  [ 执行文件：E:\PHP\phpstudy\PHPTutorial\WWW\modelSys\Admin\Lib\Action\IndexAction.class.php，行号:82，运行时间:0.0035s ]
[ 2018-07-27T16:43:49+08:00 ] /modelSys/Admin/index.php/Index/index | NOTIC: [2] Invalid argument supplied for foreach() IndexAction.class.php 第 85 行.
[ 2018-07-27T16:43:49+08:00 ] /modelSys/Admin/index.php/Index/index | NOTIC: [8] Undefined variable: logoPic IndexAction.class.php 第 96 行.
[ 2018-07-27T16:43:49+08:00 ] /modelSys/Admin/index.php/Index/index | NOTIC: [8] Undefined variable: data common.php 第 543 行.
[ 2018-07-27T16:43:49+08:00 ] /modelSys/Admin/index.php/Index/index | SQL: SHOW COLUMNS FROM `mis_roll_announcement` [ 执行文件：E:\PHP\phpstudy\PHPTutorial\WWW\modelSys\Admin\Lib\Action\IndexAction.class.php，行号:82，运行时间:0.0008s ]
[ 2018-07-27T16:43:49+08:00 ] /modelSys/Admin/index.php/Index/index | SQL: SHOW COLUMNS FROM `mis_roll_announcement` [ 执行文件：E:\PHP\phpstudy\PHPTutorial\WWW\modelSys\Admin\Lib\Action\IndexAction.class.php，行号:82，运行时间:0.0008s ]
[ 2018-07-27T16:43:49+08:00 ] /modelSys/Admin/index.php/Index/index | NOTIC: [8] Undefined index: nodeActionName1 common.php 第 4027 行.
[ 2018-07-27T16:43:49+08:00 ] /modelSys/Admin/index.php/Index/index | NOTIC: [8] Undefined index: nodeAuditId1 common.php 第 4029 行.
[ 2018-07-27T16:43:49+08:00 ] /modelSys/Admin/index.php/Index/index | NOTIC: [2] mkdir() [<a href='function.mkdir'>function.mkdir</a>]: No such file or directory common.php 第 495 行.
[ 2018-07-27T16:43:49+08:00 ] /modelSys/Admin/index.php/Index/index | NOTIC: [2] mkdir() [<a href='function.mkdir'>function.mkdir</a>]: No such file or directory common.php 第 495 行.
[ 2018-07-27T16:43:49+08:00 ] /modelSys/Admin/index.php/Index/index | SQL: SELECT `content` FROM `mis_roll_announcement` WHERE status =1 and typeid=1 ORDER BY createtime desc  [ 执行文件：E:\PHP\phpstudy\PHPTutorial\WWW\modelSys\Admin\Lib\Action\IndexAction.class.php，行号:113，运行时间:0.0007s ]
[ 2018-07-27T16:43:49+08:00 ] /modelSys/Admin/index.php/Index/index | SQL: SELECT `content` FROM `mis_roll_announcement` WHERE status =1 and typeid=1 ORDER BY createtime desc  [ 执行文件：E:\PHP\phpstudy\PHPTutorial\WWW\modelSys\Admin\Lib\Action\IndexAction.class.php，行号:113，运行时间:0.0007s ]
[ 2018-07-27T16:43:49+08:00 ] /modelSys/Admin/index.php/Index/index | NOTIC: [2] Invalid argument supplied for foreach() IndexAction.class.php 第 115 行.
[ 2018-07-27T16:43:49+08:00 ] /modelSys/Admin/index.php/Index/index | SQL: SHOW COLUMNS FROM `mis_message_user` [ 执行文件：E:\PHP\phpstudy\PHPTutorial\WWW\modelSys\Admin\Lib\Action\IndexAction.class.php，行号:113，运行时间:0.0006s ]
[ 2018-07-27T16:43:49+08:00 ] /modelSys/Admin/index.php/Index/index | SQL: SHOW COLUMNS FROM `mis_message_user` [ 执行文件：E:\PHP\phpstudy\PHPTutorial\WWW\modelSys\Admin\Lib\Action\IndexAction.class.php，行号:113，运行时间:0.0006s ]
[ 2018-07-27T16:43:49+08:00 ] /modelSys/Admin/index.php/Index/index | NOTIC: [8] Undefined index: nodeActionName1 common.php 第 4027 行.
[ 2018-07-27T16:43:49+08:00 ] /modelSys/Admin/index.php/Index/index | NOTIC: [8] Undefined index: nodeAuditId1 common.php 第 4029 行.
[ 2018-07-27T16:43:49+08:00 ] /modelSys/Admin/index.php/Index/index | NOTIC: [8] Undefined index: extendwhere Model.class.php 第 278 行.
[ 2018-07-27T16:43:49+08:00 ] /modelSys/Admin/index.php/Index/index | SQL: SELECT COUNT(*) AS tp_count FROM `mis_message_user` WHERE ( `status` = 1 ) AND ( `commit` = 1 ) AND ( `readedStatus` = 0 ) AND ( `returnmessage` = 1 ) AND ( `recipient` = '1' ) AND ( `messageType` = 1 ) LIMIT 1   [ 执行文件：E:\PHP\phpstudy\PHPTutorial\WWW\modelSys\ThinkPHP\Lib\Core\Model.class.php，行号:295，运行时间:0.0006s ]
[ 2018-07-27T16:43:49+08:00 ] /modelSys/Admin/index.php/Index/index | SQL: SELECT COUNT(*) AS tp_count FROM `mis_message_user` WHERE ( `status` = 1 ) AND ( `commit` = 1 ) AND ( `readedStatus` = 0 ) AND ( `returnmessage` = 1 ) AND ( `recipient` = '1' ) AND ( `messageType` = 1 ) LIMIT 1   [ 执行文件：E:\PHP\phpstudy\PHPTutorial\WWW\modelSys\ThinkPHP\Lib\Core\Model.class.php，行号:295，运行时间:0.0006s ]
[ 2018-07-27T16:43:49+08:00 ] /modelSys/Admin/index.php/Index/index | NOTIC: [8] Undefined index: extendwhere Model.class.php 第 278 行.
[ 2018-07-27T16:43:49+08:00 ] /modelSys/Admin/index.php/Index/index | NOTIC: [2] mkdir() [<a href='function.mkdir'>function.mkdir</a>]: No such file or directory common.php 第 495 行.
[ 2018-07-27T16:43:49+08:00 ] /modelSys/Admin/index.php/Index/index | SQL: SELECT COUNT(*) AS tp_count FROM `mis_message_user` WHERE ( `status` = 1 ) AND ( `commit` = 1 ) AND ( `readedStatus` = 0 ) AND ( `returnmessage` = 1 ) AND ( `recipient` = '1' ) AND ( `messageType` = 0 ) LIMIT 1   [ 执行文件：E:\PHP\phpstudy\PHPTutorial\WWW\modelSys\ThinkPHP\Lib\Core\Model.class.php，行号:295，运行时间:0.0006s ]
[ 2018-07-27T16:43:49+08:00 ] /modelSys/Admin/index.php/Index/index | SQL: SELECT COUNT(*) AS tp_count FROM `mis_message_user` WHERE ( `status` = 1 ) AND ( `commit` = 1 ) AND ( `readedStatus` = 0 ) AND ( `returnmessage` = 1 ) AND ( `recipient` = '1' ) AND ( `messageType` = 0 ) LIMIT 1   [ 执行文件：E:\PHP\phpstudy\PHPTutorial\WWW\modelSys\ThinkPHP\Lib\Core\Model.class.php，行号:295，运行时间:0.0006s ]
[ 2018-07-27T16:43:49+08:00 ] /modelSys/Admin/index.php/Index/index | SQL: SHOW COLUMNS FROM `mis_system_menu` [ 执行文件：E:\PHP\phpstudy\PHPTutorial\WWW\modelSys\ThinkPHP\Lib\Core\Model.class.php，行号:295，运行时间:0.0011s ]
[ 2018-07-27T16:43:49+08:00 ] /modelSys/Admin/index.php/Index/index | SQL: SHOW COLUMNS FROM `mis_system_menu` [ 执行文件：E:\PHP\phpstudy\PHPTutorial\WWW\modelSys\ThinkPHP\Lib\Core\Model.class.php，行号:295，运行时间:0.0011s ]
[ 2018-07-27T16:43:49+08:00 ] /modelSys/Admin/index.php/Index/index | NOTIC: [8] Undefined index: nodeActionName1 common.php 第 4027 行.
[ 2018-07-27T16:43:49+08:00 ] /modelSys/Admin/index.php/Index/index | NOTIC: [8] Undefined index: nodeAuditId1 common.php 第 4029 行.
[ 2018-07-27T16:43:49+08:00 ] /modelSys/Admin/index.php/Index/index | SQL: SHOW COLUMNS FROM `mis_runtime_data` [ 执行文件：E:\PHP\phpstudy\PHPTutorial\WWW\modelSys\ThinkPHP\Lib\Core\Model.class.php，行号:295，运行时间:0.0006s ]
[ 2018-07-27T16:43:49+08:00 ] /modelSys/Admin/index.php/Index/index | SQL: SHOW COLUMNS FROM `mis_runtime_data` [ 执行文件：E:\PHP\phpstudy\PHPTutorial\WWW\modelSys\ThinkPHP\Lib\Core\Model.class.php，行号:295，运行时间:0.0006s ]
[ 2018-07-27T16:43:49+08:00 ] /modelSys/Admin/index.php/Index/index | NOTIC: [8] Undefined index: nodeActionName1 common.php 第 4027 行.
[ 2018-07-27T16:43:49+08:00 ] /modelSys/Admin/index.php/Index/index | NOTIC: [8] Undefined index: nodeAuditId1 common.php 第 4029 行.
[ 2018-07-27T16:43:49+08:00 ] /modelSys/Admin/index.php/Index/index | NOTIC: [2] Missing argument 1 for RBAC::getFileGroupAccessList(), called in E:\PHP\phpstudy\PHPTutorial\WWW\modelSys\Admin\Lib\Model\MisSystemMenuModel.class.php on line 29 and defined RBAC.class.php 第 537 行.
[ 2018-07-27T16:43:49+08:00 ] /modelSys/Admin/index.php/Index/index | SQL: SHOW COLUMNS FROM `group` [ 执行文件：E:\PHP\phpstudy\PHPTutorial\WWW\modelSys\ThinkPHP\Lib\Core\Model.class.php，行号:295，运行时间:0.0033s ]
[ 2018-07-27T16:43:49+08:00 ] /modelSys/Admin/index.php/Index/index | SQL: SHOW COLUMNS FROM `group` [ 执行文件：E:\PHP\phpstudy\PHPTutorial\WWW\modelSys\ThinkPHP\Lib\Core\Model.class.php，行号:295，运行时间:0.0033s ]
[ 2018-07-27T16:43:49+08:00 ] /modelSys/Admin/index.php/Index/index | NOTIC: [8] Undefined index: extendwhere Model.class.php 第 278 行.
[ 2018-07-27T16:43:49+08:00 ] /modelSys/Admin/index.php/Index/index | NOTIC: [2] mkdir() [<a href='function.mkdir'>function.mkdir</a>]: No such file or directory common.php 第 495 行.
[ 2018-07-27T16:43:49+08:00 ] /modelSys/Admin/index.php/Index/index | SQL: SELECT * FROM `group` WHERE ( `status` > 0 ) ORDER BY sorts asc  [ 执行文件：E:\PHP\phpstudy\PHPTutorial\WWW\modelSys\Admin\Lib\Model\MisSystemMenuModel.class.php，行号:43，运行时间:0.0005s ]
[ 2018-07-27T16:43:49+08:00 ] /modelSys/Admin/index.php/Index/index | SQL: SELECT * FROM `group` WHERE ( `status` > 0 ) ORDER BY sorts asc  [ 执行文件：E:\PHP\phpstudy\PHPTutorial\WWW\modelSys\Admin\Lib\Model\MisSystemMenuModel.class.php，行号:43，运行时间:0.0005s ]
[ 2018-07-27T16:43:49+08:00 ] /modelSys/Admin/index.php/Index/index | NOTIC: [8] Undefined variable: h MisSystemMenuModel.class.php 第 46 行.
[ 2018-07-27T16:43:49+08:00 ] /modelSys/Admin/index.php/Index/index | NOTIC: [8] Undefined index: title MisSystemMenuModel.class.php 第 62 行.
[ 2018-07-27T16:43:49+08:00 ] /modelSys/Admin/index.php/Index/index | NOTIC: [8] Undefined index: title MisSystemMenuModel.class.php 第 62 行.
[ 2018-07-27T16:43:49+08:00 ] /modelSys/Admin/index.php/Index/index | NOTIC: [8] Undefined index: title MisSystemMenuModel.class.php 第 62 行.
[ 2018-07-27T16:43:49+08:00 ] /modelSys/Admin/index.php/Index/index | NOTIC: [8] Undefined index: nodeActionName1 common.php 第 4027 行.
[ 2018-07-27T16:43:49+08:00 ] /modelSys/Admin/index.php/Index/index | NOTIC: [8] Undefined index: nodeAuditId1 common.php 第 4029 行.
[ 2018-07-27T16:43:49+08:00 ] /modelSys/Admin/index.php/Index/index | NOTIC: [2] mkdir() [<a href='function.mkdir'>function.mkdir</a>]: No such file or directory common.php 第 495 行.
[ 2018-07-27T16:43:49+08:00 ] /modelSys/Admin/index.php/Index/index | SQL: SELECT * FROM `group` WHERE status=1 ORDER BY sorts asc  [ 执行文件：E:\PHP\phpstudy\PHPTutorial\WWW\modelSys\Admin\Lib\Action\IndexAction.class.php，行号:156，运行时间:0.0004s ]
[ 2018-07-27T16:43:49+08:00 ] /modelSys/Admin/index.php/Index/index | SQL: SELECT * FROM `group` WHERE status=1 ORDER BY sorts asc  [ 执行文件：E:\PHP\phpstudy\PHPTutorial\WWW\modelSys\Admin\Lib\Action\IndexAction.class.php，行号:156，运行时间:0.0004s ]
[ 2018-07-27T16:43:49+08:00 ] /modelSys/Admin/index.php/Index/index | NOTIC: [8] Undefined index: nodeActionName1 common.php 第 4027 行.
[ 2018-07-27T16:43:49+08:00 ] /modelSys/Admin/index.php/Index/index | NOTIC: [8] Undefined index: nodeAuditId1 common.php 第 4029 行.
[ 2018-07-27T16:43:49+08:00 ] /modelSys/Admin/index.php/Index/index | NOTIC: [8] Undefined index: nodeActionName1 common.php 第 4027 行.
[ 2018-07-27T16:43:49+08:00 ] /modelSys/Admin/index.php/Index/index | NOTIC: [8] Undefined index: nodeAuditId1 common.php 第 4029 行.
[ 2018-07-27T16:43:49+08:00 ] /modelSys/Admin/index.php/Index/index | NOTIC: [8] Undefined index: extendwhere Model.class.php 第 278 行.
[ 2018-07-27T16:43:49+08:00 ] /modelSys/Admin/index.php/Index/index | SQL: SELECT `name` FROM `node` WHERE ( `status` = 1 ) AND ( `level` < 4 )  [ 执行文件：E:\PHP\phpstudy\PHPTutorial\WWW\modelSys\Admin\Lib\Model\SerialNumberModel.class.php，行号:123，运行时间:0.0004s ]
[ 2018-07-27T16:43:49+08:00 ] /modelSys/Admin/index.php/Index/index | SQL: SELECT `name` FROM `node` WHERE ( `status` = 1 ) AND ( `level` < 4 )  [ 执行文件：E:\PHP\phpstudy\PHPTutorial\WWW\modelSys\Admin\Lib\Model\SerialNumberModel.class.php，行号:123，运行时间:0.0004s ]
[ 2018-07-27T16:43:49+08:00 ] /modelSys/Admin/index.php/Index/index | NOTIC: [8] Undefined index: nodeActionName1 common.php 第 4027 行.
[ 2018-07-27T16:43:49+08:00 ] /modelSys/Admin/index.php/Index/index | NOTIC: [8] Undefined index: nodeAuditId1 common.php 第 4029 行.
[ 2018-07-27T16:43:49+08:00 ] /modelSys/Admin/index.php/Index/index | SQL: SHOW COLUMNS FROM `node` [ 执行文件：E:\PHP\phpstudy\PHPTutorial\WWW\modelSys\Admin\Lib\Model\SerialNumberModel.class.php，行号:123，运行时间:0.0008s ]
[ 2018-07-27T16:43:49+08:00 ] /modelSys/Admin/index.php/Index/index | SQL: SHOW COLUMNS FROM `node` [ 执行文件：E:\PHP\phpstudy\PHPTutorial\WWW\modelSys\Admin\Lib\Model\SerialNumberModel.class.php，行号:123，运行时间:0.0008s ]
[ 2018-07-27T16:43:49+08:00 ] /modelSys/Admin/index.php/Index/index | NOTIC: [8] Undefined index: extendwhere Model.class.php 第 278 行.
[ 2018-07-27T16:43:49+08:00 ] /modelSys/Admin/index.php/Index/index | NOTIC: [2] mkdir() [<a href='function.mkdir'>function.mkdir</a>]: No such file or directory common.php 第 495 行.
[ 2018-07-27T16:43:49+08:00 ] /modelSys/Admin/index.php/Index/index | NOTIC: [2] mkdir() [<a href='function.mkdir'>function.mkdir</a>]: No such file or directory common.php 第 495 行.
[ 2018-07-27T16:43:49+08:00 ] /modelSys/Admin/index.php/Index/index | SQL: SELECT `id`,`pid`,`name`,`level`,`type`,`group_id`,`title`,`toolshow` FROM `node` WHERE ( `status` = 1 ) AND ( `showmenu` = 1 ) AND ( `type` < 4 ) ORDER BY sort asc  [ 执行文件：E:\PHP\phpstudy\PHPTutorial\WWW\modelSys\Admin\Lib\Action\IndexAction.class.php，行号:169，运行时间:0.0006s ]
[ 2018-07-27T16:43:49+08:00 ] /modelSys/Admin/index.php/Index/index | SQL: SELECT `id`,`pid`,`name`,`level`,`type`,`group_id`,`title`,`toolshow` FROM `node` WHERE ( `status` = 1 ) AND ( `showmenu` = 1 ) AND ( `type` < 4 ) ORDER BY sort asc  [ 执行文件：E:\PHP\phpstudy\PHPTutorial\WWW\modelSys\Admin\Lib\Action\IndexAction.class.php，行号:169，运行时间:0.0006s ]
[ 2018-07-27T16:43:49+08:00 ] /modelSys/Admin/index.php/Index/index | INFO: [ view_template ] --START--
[ 2018-07-27T16:43:49+08:00 ] /modelSys/Admin/index.php/Index/index | INFO: Tag[ view_template ] --START--
[ 2018-07-27T16:43:49+08:00 ] /modelSys/Admin/index.php/Index/index | INFO: Run LocationTemplate Behavior [ RunTime:0.001393s ]
[ 2018-07-27T16:43:49+08:00 ] /modelSys/Admin/index.php/Index/index | INFO: Run LocationTemplate Behavior [ RunTime:0.001393s ]
[ 2018-07-27T16:43:49+08:00 ] /modelSys/Admin/index.php/Index/index | INFO: [ view_template ] --END-- [ RunTime:0.001511s ]
[ 2018-07-27T16:43:49+08:00 ] /modelSys/Admin/index.php/Index/index | INFO: Tag[ view_template ] --END-- [ RunTime:0.001511s ]
[ 2018-07-27T16:43:49+08:00 ] /modelSys/Admin/index.php/Index/index | INFO: [ view_parse ] --START--
[ 2018-07-27T16:43:49+08:00 ] /modelSys/Admin/index.php/Index/index | INFO: Tag[ view_parse ] --START--
[ 2018-07-27T16:43:49+08:00 ] /modelSys/Admin/index.php/Index/index | NOTIC: [2] Missing argument 3 for getDigits(), called in E:\PHP\phpstudy\PHPTutorial\WWW\modelSys\Admin\Runtime\Cache\0573c70d8602d961e53f714ea77bd87c.php on line 63 and defined common.php 第 1161 行.
[ 2018-07-27T16:43:49+08:00 ] /modelSys/Admin/index.php/Index/index | NOTIC: [2] Missing argument 4 for getDigits(), called in E:\PHP\phpstudy\PHPTutorial\WWW\modelSys\Admin\Runtime\Cache\0573c70d8602d961e53f714ea77bd87c.php on line 63 and defined common.php 第 1161 行.
[ 2018-07-27T16:43:49+08:00 ] /modelSys/Admin/index.php/Index/index | NOTIC: [8] Undefined index: nodeActionName1 common.php 第 4027 行.
[ 2018-07-27T16:43:49+08:00 ] /modelSys/Admin/index.php/Index/index | NOTIC: [8] Undefined index: nodeAuditId1 common.php 第 4029 行.
[ 2018-07-27T16:43:49+08:00 ] /modelSys/Admin/index.php/Index/index | NOTIC: [8] Undefined index: username 0573c70d8602d961e53f714ea77bd87c.php 第 211 行.
[ 2018-07-27T16:43:49+08:00 ] /modelSys/Admin/index.php/Index/index | NOTIC: [8] Undefined index: password 0573c70d8602d961e53f714ea77bd87c.php 第 212 行.
[ 2018-07-27T16:43:49+08:00 ] /modelSys/Admin/index.php/Index/index | NOTIC: [8] Undefined variable: workCount 0573c70d8602d961e53f714ea77bd87c.php 第 434 行.
[ 2018-07-27T16:43:49+08:00 ] /modelSys/Admin/index.php/Index/index | NOTIC: [8] Undefined variable: often 0573c70d8602d961e53f714ea77bd87c.php 第 486 行.
[ 2018-07-27T16:43:49+08:00 ] /modelSys/Admin/index.php/Index/index | NOTIC: [2048] Declaration of UserOftenMenuAction::insert() should be compatible with that of CommonAction::insert() UserOftenMenuAction.class.php 第 279 行.
[ 2018-07-27T16:43:49+08:00 ] /modelSys/Admin/index.php/Index/index | NOTIC: [2048] Declaration of UserOftenMenuAction::update() should be compatible with that of CommonAction::update() UserOftenMenuAction.class.php 第 279 行.
[ 2018-07-27T16:43:49+08:00 ] /modelSys/Admin/index.php/Index/index | NOTIC: [8] Undefined index: nodeActionName1 common.php 第 4027 行.
[ 2018-07-27T16:43:49+08:00 ] /modelSys/Admin/index.php/Index/index | NOTIC: [8] Undefined index: nodeAuditId1 common.php 第 4029 行.
[ 2018-07-27T16:43:49+08:00 ] /modelSys/Admin/index.php/Index/index | NOTIC: [2] Missing argument 1 for UserModel::getConfNotAuth(), called in E:\PHP\phpstudy\PHPTutorial\WWW\modelSys\Admin\Lib\Action\CommonAction.class.php on line 96 and defined UserModel.class.php 第 409 行.
[ 2018-07-27T16:43:49+08:00 ] /modelSys/Admin/index.php/Index/index | NOTIC: [8] Undefined variable: type UserModel.class.php 第 411 行.
[ 2018-07-27T16:43:49+08:00 ] /modelSys/Admin/index.php/Index/index | NOTIC: [8] Undefined index: NOT_AUTH_MODUL UserModel.class.php 第 416 行.
[ 2018-07-27T16:43:49+08:00 ] /modelSys/Admin/index.php/Index/index | NOTIC: [8] Undefined index: iseditor CommonAction.class.php 第 5490 行.
[ 2018-07-27T16:43:49+08:00 ] /modelSys/Admin/index.php/Index/index | NOTIC: [8] Undefined index: iseditor CommonAction.class.php 第 5490 行.
[ 2018-07-27T16:43:49+08:00 ] /modelSys/Admin/index.php/Index/index | NOTIC: [8] Undefined index: iseditor CommonAction.class.php 第 5490 行.
[ 2018-07-27T16:43:49+08:00 ] /modelSys/Admin/index.php/Index/index | NOTIC: [8] Undefined index: iseditor CommonAction.class.php 第 5490 行.
[ 2018-07-27T16:43:49+08:00 ] /modelSys/Admin/index.php/Index/index | SQL: SHOW COLUMNS FROM `mis_auto_lrauz` [ 执行文件：E:\PHP\phpstudy\PHPTutorial\WWW\modelSys\Admin\Lib\Action\IndexAction.class.php，行号:169，运行时间:0.0008s ]
[ 2018-07-27T16:43:49+08:00 ] /modelSys/Admin/index.php/Index/index | SQL: SHOW COLUMNS FROM `mis_auto_lrauz` [ 执行文件：E:\PHP\phpstudy\PHPTutorial\WWW\modelSys\Admin\Lib\Action\IndexAction.class.php，行号:169，运行时间:0.0008s ]
[ 2018-07-27T16:43:49+08:00 ] /modelSys/Admin/index.php/Index/index | SQL: SHOW COLUMNS FROM `user_dept_duty` [ 执行文件：E:\PHP\phpstudy\PHPTutorial\WWW\modelSys\Admin\Lib\Action\IndexAction.class.php，行号:169，运行时间:0.0005s ]
[ 2018-07-27T16:43:49+08:00 ] /modelSys/Admin/index.php/Index/index | SQL: SHOW COLUMNS FROM `user_dept_duty` [ 执行文件：E:\PHP\phpstudy\PHPTutorial\WWW\modelSys\Admin\Lib\Action\IndexAction.class.php，行号:169，运行时间:0.0005s ]
[ 2018-07-27T16:43:49+08:00 ] /modelSys/Admin/index.php/Index/index | NOTIC: [8] Undefined index: where Model.class.php 第 709 行.
[ 2018-07-27T16:43:49+08:00 ] /modelSys/Admin/index.php/Index/index | NOTIC: [2] mkdir() [<a href='function.mkdir'>function.mkdir</a>]: No such file or directory common.php 第 495 行.
[ 2018-07-27T16:43:49+08:00 ] /modelSys/Admin/index.php/Index/index | NOTIC: [2] mkdir() [<a href='function.mkdir'>function.mkdir</a>]: No such file or directory common.php 第 495 行.
[ 2018-07-27T16:43:49+08:00 ] /modelSys/Admin/index.php/Index/index | NOTIC: [8] Undefined index: where Db.class.php 第 1065 行.
[ 2018-07-27T16:43:49+08:00 ] /modelSys/Admin/index.php/Index/index | SQL: SELECT * FROM `mis_auto_lrauz`  [ 执行文件：E:\PHP\phpstudy\PHPTutorial\WWW\modelSys\Admin\Lib\Action\UserOftenMenuAction.class.php，行号:205，运行时间:0.0006s ]
[ 2018-07-27T16:43:49+08:00 ] /modelSys/Admin/index.php/Index/index | SQL: SELECT * FROM `mis_auto_lrauz`  [ 执行文件：E:\PHP\phpstudy\PHPTutorial\WWW\modelSys\Admin\Lib\Action\UserOftenMenuAction.class.php，行号:205，运行时间:0.0006s ]
[ 2018-07-27T16:43:49+08:00 ] /modelSys/Admin/index.php/Index/index | SQL: SHOW COLUMNS FROM `mis_work_executing` [ 执行文件：E:\PHP\phpstudy\PHPTutorial\WWW\modelSys\Admin\Lib\Action\UserOftenMenuAction.class.php，行号:205，运行时间:0.0007s ]
[ 2018-07-27T16:43:49+08:00 ] /modelSys/Admin/index.php/Index/index | SQL: SHOW COLUMNS FROM `mis_work_executing` [ 执行文件：E:\PHP\phpstudy\PHPTutorial\WWW\modelSys\Admin\Lib\Action\UserOftenMenuAction.class.php，行号:205，运行时间:0.0007s ]
[ 2018-07-27T16:43:49+08:00 ] /modelSys/Admin/index.php/Index/index | NOTIC: [8] Undefined index: nodeActionName1 common.php 第 4027 行.
[ 2018-07-27T16:43:49+08:00 ] /modelSys/Admin/index.php/Index/index | NOTIC: [8] Undefined index: nodeAuditId1 common.php 第 4029 行.
[ 2018-07-27T16:43:49+08:00 ] /modelSys/Admin/index.php/Index/index | SQL: SHOW COLUMNS FROM `mis_auto_pvb` [ 执行文件：E:\PHP\phpstudy\PHPTutorial\WWW\modelSys\Admin\Lib\Action\UserOftenMenuAction.class.php，行号:205，运行时间:0.0007s ]
[ 2018-07-27T16:43:49+08:00 ] /modelSys/Admin/index.php/Index/index | SQL: SHOW COLUMNS FROM `mis_auto_pvb` [ 执行文件：E:\PHP\phpstudy\PHPTutorial\WWW\modelSys\Admin\Lib\Action\UserOftenMenuAction.class.php，行号:205，运行时间:0.0007s ]
[ 2018-07-27T16:43:49+08:00 ] /modelSys/Admin/index.php/Index/index | NOTIC: [8] Undefined index: nodeActionName1 common.php 第 4027 行.
[ 2018-07-27T16:43:49+08:00 ] /modelSys/Admin/index.php/Index/index | NOTIC: [8] Undefined index: nodeAuditId1 common.php 第 4029 行.
[ 2018-07-27T16:43:49+08:00 ] /modelSys/Admin/index.php/Index/index | NOTIC: [2] mkdir() [<a href='function.mkdir'>function.mkdir</a>]: No such file or directory common.php 第 495 行.
[ 2018-07-27T16:43:49+08:00 ] /modelSys/Admin/index.php/Index/index | SQL: SELECT COUNT(*) AS tp_count FROM `mis_auto_pvb` LIMIT 1   [ 执行文件：E:\PHP\phpstudy\PHPTutorial\WWW\modelSys\ThinkPHP\Lib\Core\Model.class.php，行号:295，运行时间:0.0006s ]
[ 2018-07-27T16:43:49+08:00 ] /modelSys/Admin/index.php/Index/index | SQL: SELECT COUNT(*) AS tp_count FROM `mis_auto_pvb` LIMIT 1   [ 执行文件：E:\PHP\phpstudy\PHPTutorial\WWW\modelSys\ThinkPHP\Lib\Core\Model.class.php，行号:295，运行时间:0.0006s ]
[ 2018-07-27T16:43:49+08:00 ] /modelSys/Admin/index.php/Index/index | SQL: SHOW COLUMNS FROM `mis_work_monitoring` [ 执行文件：E:\PHP\phpstudy\PHPTutorial\WWW\modelSys\ThinkPHP\Lib\Core\Model.class.php，行号:295，运行时间:0.0006s ]
[ 2018-07-27T16:43:49+08:00 ] /modelSys/Admin/index.php/Index/index | SQL: SHOW COLUMNS FROM `mis_work_monitoring` [ 执行文件：E:\PHP\phpstudy\PHPTutorial\WWW\modelSys\ThinkPHP\Lib\Core\Model.class.php，行号:295，运行时间:0.0006s ]
[ 2018-07-27T16:43:49+08:00 ] /modelSys/Admin/index.php/Index/index | NOTIC: [8] Undefined index: nodeActionName1 common.php 第 4027 行.
[ 2018-07-27T16:43:49+08:00 ] /modelSys/Admin/index.php/Index/index | NOTIC: [8] Undefined index: nodeAuditId1 common.php 第 4029 行.
[ 2018-07-27T16:43:49+08:00 ] /modelSys/Admin/index.php/Index/index | NOTIC: [2] Missing argument 1 for MisWorkMonitoringModel::getUserAuditList(), called in E:\PHP\phpstudy\PHPTutorial\WWW\modelSys\Admin\Lib\Action\UserOftenMenuAction.class.php on line 229 and defined MisWorkMonitoringModel.class.php 第 36 行.
[ 2018-07-27T16:43:49+08:00 ] /modelSys/Admin/index.php/Index/index | NOTIC: [8] Undefined variable: userid MisWorkMonitoringModel.class.php 第 37 行.
[ 2018-07-27T16:43:49+08:00 ] /modelSys/Admin/index.php/Index/index | NOTIC: [8] Undefined index: extendwhere Model.class.php 第 278 行.
[ 2018-07-27T16:43:49+08:00 ] /modelSys/Admin/index.php/Index/index | NOTIC: [2] mkdir() [<a href='function.mkdir'>function.mkdir</a>]: No such file or directory common.php 第 495 行.
[ 2018-07-27T16:43:49+08:00 ] /modelSys/Admin/index.php/Index/index | NOTIC: [2] mkdir() [<a href='function.mkdir'>function.mkdir</a>]: No such file or directory common.php 第 495 行.
[ 2018-07-27T16:43:49+08:00 ] /modelSys/Admin/index.php/Index/index | SQL: SELECT `tablename`,`createtime` FROM `mis_work_monitoring` WHERE ( `id` > 0 ) AND ( `dostatus` = 0 ) AND ( `isauditstatus` = 1 ) AND ( FIND_IN_SET(  1, curAuditUser ) )  [ 执行文件：E:\PHP\phpstudy\PHPTutorial\WWW\modelSys\Admin\Lib\Model\MisWorkMonitoringModel.class.php，行号:46，运行时间:0.0005s ]
[ 2018-07-27T16:43:49+08:00 ] /modelSys/Admin/index.php/Index/index | SQL: SELECT `tablename`,`createtime` FROM `mis_work_monitoring` WHERE ( `id` > 0 ) AND ( `dostatus` = 0 ) AND ( `isauditstatus` = 1 ) AND ( FIND_IN_SET(  1, curAuditUser ) )  [ 执行文件：E:\PHP\phpstudy\PHPTutorial\WWW\modelSys\Admin\Lib\Model\MisWorkMonitoringModel.class.php，行号:46，运行时间:0.0005s ]
[ 2018-07-27T16:43:49+08:00 ] /modelSys/Admin/index.php/Index/index | NOTIC: [2] Invalid argument supplied for foreach() MisWorkMonitoringModel.class.php 第 51 行.
[ 2018-07-27T16:43:49+08:00 ] /modelSys/Admin/index.php/Index/index | NOTIC: [8] Undefined index: nodeActionName1 common.php 第 4027 行.
[ 2018-07-27T16:43:49+08:00 ] /modelSys/Admin/index.php/Index/index | NOTIC: [8] Undefined index: nodeAuditId1 common.php 第 4029 行.
[ 2018-07-27T16:43:49+08:00 ] /modelSys/Admin/index.php/Index/index | NOTIC: [2] Missing argument 1 for MisWorkExecutingModel::getUserWorkExecutList(), called in E:\PHP\phpstudy\PHPTutorial\WWW\modelSys\Admin\Lib\Action\UserOftenMenuAction.class.php on line 233 and defined MisWorkExecutingModel.class.php 第 103 行.
[ 2018-07-27T16:43:49+08:00 ] /modelSys/Admin/index.php/Index/index | NOTIC: [8] Undefined index: nodeActionName1 common.php 第 4027 行.
[ 2018-07-27T16:43:49+08:00 ] /modelSys/Admin/index.php/Index/index | NOTIC: [8] Undefined index: nodeAuditId1 common.php 第 4029 行.
[ 2018-07-27T16:43:49+08:00 ] /modelSys/Admin/index.php/Index/index | NOTIC: [8] Undefined index: extendwhere Model.class.php 第 278 行.
[ 2018-07-27T16:43:49+08:00 ] /modelSys/Admin/index.php/Index/index | NOTIC: [2] mkdir() [<a href='function.mkdir'>function.mkdir</a>]: No such file or directory common.php 第 495 行.
[ 2018-07-27T16:43:49+08:00 ] /modelSys/Admin/index.php/Index/index | SQL: SELECT COUNT(*) AS tp_count FROM `mis_auto_pvb` WHERE ( `xiangmuzhuangtai` = '01' ) LIMIT 1   [ 执行文件：E:\PHP\phpstudy\PHPTutorial\WWW\modelSys\ThinkPHP\Lib\Core\Model.class.php，行号:295，运行时间:0.0005s ]
[ 2018-07-27T16:43:49+08:00 ] /modelSys/Admin/index.php/Index/index | SQL: SELECT COUNT(*) AS tp_count FROM `mis_auto_pvb` WHERE ( `xiangmuzhuangtai` = '01' ) LIMIT 1   [ 执行文件：E:\PHP\phpstudy\PHPTutorial\WWW\modelSys\ThinkPHP\Lib\Core\Model.class.php，行号:295，运行时间:0.0005s ]
[ 2018-07-27T16:43:49+08:00 ] /modelSys/Admin/index.php/Index/index | SQL: SHOW COLUMNS FROM `mis_auto_qzu` [ 执行文件：E:\PHP\phpstudy\PHPTutorial\WWW\modelSys\ThinkPHP\Lib\Core\Model.class.php，行号:295，运行时间:0.0006s ]
[ 2018-07-27T16:43:49+08:00 ] /modelSys/Admin/index.php/Index/index | SQL: SHOW COLUMNS FROM `mis_auto_qzu` [ 执行文件：E:\PHP\phpstudy\PHPTutorial\WWW\modelSys\ThinkPHP\Lib\Core\Model.class.php，行号:295，运行时间:0.0006s ]
[ 2018-07-27T16:43:49+08:00 ] /modelSys/Admin/index.php/Index/index | NOTIC: [8] Undefined index: nodeActionName1 common.php 第 4027 行.
[ 2018-07-27T16:43:49+08:00 ] /modelSys/Admin/index.php/Index/index | NOTIC: [8] Undefined index: nodeAuditId1 common.php 第 4029 行.
[ 2018-07-27T16:43:49+08:00 ] /modelSys/Admin/index.php/Index/index | NOTIC: [2] mkdir() [<a href='function.mkdir'>function.mkdir</a>]: No such file or directory common.php 第 495 行.
[ 2018-07-27T16:43:49+08:00 ] /modelSys/Admin/index.php/Index/index | NOTIC: [2] mkdir() [<a href='function.mkdir'>function.mkdir</a>]: No such file or directory common.php 第 495 行.
[ 2018-07-27T16:43:49+08:00 ] /modelSys/Admin/index.php/Index/index | SQL: SELECT COUNT(*) AS tp_count FROM `mis_auto_qzu` LIMIT 1   [ 执行文件：E:\PHP\phpstudy\PHPTutorial\WWW\modelSys\ThinkPHP\Lib\Core\Model.class.php，行号:295，运行时间:0.0005s ]
[ 2018-07-27T16:43:49+08:00 ] /modelSys/Admin/index.php/Index/index | SQL: SELECT COUNT(*) AS tp_count FROM `mis_auto_qzu` LIMIT 1   [ 执行文件：E:\PHP\phpstudy\PHPTutorial\WWW\modelSys\ThinkPHP\Lib\Core\Model.class.php，行号:295，运行时间:0.0005s ]
[ 2018-07-27T16:43:49+08:00 ] /modelSys/Admin/index.php/Index/index | SQL: SHOW COLUMNS FROM `mis_auto_jtm` [ 执行文件：E:\PHP\phpstudy\PHPTutorial\WWW\modelSys\ThinkPHP\Lib\Core\Model.class.php，行号:295，运行时间:0.0006s ]
[ 2018-07-27T16:43:49+08:00 ] /modelSys/Admin/index.php/Index/index | SQL: SHOW COLUMNS FROM `mis_auto_jtm` [ 执行文件：E:\PHP\phpstudy\PHPTutorial\WWW\modelSys\ThinkPHP\Lib\Core\Model.class.php，行号:295，运行时间:0.0006s ]
[ 2018-07-27T16:43:49+08:00 ] /modelSys/Admin/index.php/Index/index | NOTIC: [8] Undefined index: nodeActionName1 common.php 第 4027 行.
[ 2018-07-27T16:43:49+08:00 ] /modelSys/Admin/index.php/Index/index | NOTIC: [8] Undefined index: nodeAuditId1 common.php 第 4029 行.
[ 2018-07-27T16:43:49+08:00 ] /modelSys/Admin/index.php/Index/index | NOTIC: [8] Undefined index: extendwhere Model.class.php 第 278 行.
[ 2018-07-27T16:43:49+08:00 ] /modelSys/Admin/index.php/Index/index | NOTIC: [2] mkdir() [<a href='function.mkdir'>function.mkdir</a>]: No such file or directory common.php 第 495 行.
[ 2018-07-27T16:43:49+08:00 ] /modelSys/Admin/index.php/Index/index | SQL: SELECT * FROM `mis_auto_jtm` WHERE ( `status` = 1 )  [ 执行文件：E:\PHP\phpstudy\PHPTutorial\WWW\modelSys\Admin\Lib\Model\MisWorkExecutingModel.class.php，行号:501，运行时间:0.0005s ]
[ 2018-07-27T16:43:49+08:00 ] /modelSys/Admin/index.php/Index/index | SQL: SELECT * FROM `mis_auto_jtm` WHERE ( `status` = 1 )  [ 执行文件：E:\PHP\phpstudy\PHPTutorial\WWW\modelSys\Admin\Lib\Model\MisWorkExecutingModel.class.php，行号:501，运行时间:0.0005s ]
[ 2018-07-27T16:43:49+08:00 ] /modelSys/Admin/index.php/Index/index | SQL: SHOW COLUMNS FROM `mis_auto_fuhhu_sub_datatable5` [ 执行文件：E:\PHP\phpstudy\PHPTutorial\WWW\modelSys\Admin\Lib\Model\MisWorkExecutingModel.class.php，行号:501，运行时间:0.0006s ]
[ 2018-07-27T16:43:49+08:00 ] /modelSys/Admin/index.php/Index/index | SQL: SHOW COLUMNS FROM `mis_auto_fuhhu_sub_datatable5` [ 执行文件：E:\PHP\phpstudy\PHPTutorial\WWW\modelSys\Admin\Lib\Model\MisWorkExecutingModel.class.php，行号:501，运行时间:0.0006s ]
[ 2018-07-27T16:43:49+08:00 ] /modelSys/Admin/index.php/Index/index | NOTIC: [8] Undefined index: where Model.class.php 第 709 行.
[ 2018-07-27T16:43:49+08:00 ] /modelSys/Admin/index.php/Index/index | NOTIC: [2] mkdir() [<a href='function.mkdir'>function.mkdir</a>]: No such file or directory common.php 第 495 行.
[ 2018-07-27T16:43:49+08:00 ] /modelSys/Admin/index.php/Index/index | NOTIC: [8] Undefined index: where Db.class.php 第 1065 行.
[ 2018-07-27T16:43:49+08:00 ] /modelSys/Admin/index.php/Index/index | SQL: SELECT * FROM `mis_auto_fuhhu_sub_datatable5`  [ 执行文件：E:\PHP\phpstudy\PHPTutorial\WWW\modelSys\Admin\Lib\Model\MisWorkExecutingModel.class.php，行号:505，运行时间:0.0005s ]
[ 2018-07-27T16:43:49+08:00 ] /modelSys/Admin/index.php/Index/index | SQL: SELECT * FROM `mis_auto_fuhhu_sub_datatable5`  [ 执行文件：E:\PHP\phpstudy\PHPTutorial\WWW\modelSys\Admin\Lib\Model\MisWorkExecutingModel.class.php，行号:505，运行时间:0.0005s ]
[ 2018-07-27T16:43:49+08:00 ] /modelSys/Admin/index.php/Index/index | SQL: SHOW COLUMNS FROM `mis_auto_vph_sub_view` [ 执行文件：E:\PHP\phpstudy\PHPTutorial\WWW\modelSys\Admin\Lib\Model\MisWorkExecutingModel.class.php，行号:505，运行时间:0.0006s ]
[ 2018-07-27T16:43:49+08:00 ] /modelSys/Admin/index.php/Index/index | SQL: SHOW COLUMNS FROM `mis_auto_vph_sub_view` [ 执行文件：E:\PHP\phpstudy\PHPTutorial\WWW\modelSys\Admin\Lib\Model\MisWorkExecutingModel.class.php，行号:505，运行时间:0.0006s ]
[ 2018-07-27T16:43:49+08:00 ] /modelSys/Admin/index.php/Index/index | NOTIC: [8] Undefined index: nodeActionName1 common.php 第 4027 行.
[ 2018-07-27T16:43:49+08:00 ] /modelSys/Admin/index.php/Index/index | NOTIC: [8] Undefined index: nodeAuditId1 common.php 第 4029 行.
[ 2018-07-27T16:43:49+08:00 ] /modelSys/Admin/index.php/Index/index | NOTIC: [2] Invalid argument supplied for foreach() MisWorkExecutingModel.class.php 第 508 行.
[ 2018-07-27T16:43:49+08:00 ] /modelSys/Admin/index.php/Index/index | NOTIC: [8] Undefined index: nodeActionName1 common.php 第 4027 行.
[ 2018-07-27T16:43:49+08:00 ] /modelSys/Admin/index.php/Index/index | NOTIC: [8] Undefined index: nodeAuditId1 common.php 第 4029 行.
[ 2018-07-27T16:43:49+08:00 ] /modelSys/Admin/index.php/Index/index | NOTIC: [2] Missing argument 1 for MisWorkMonitoringModel::getUserAuditList(), called in E:\PHP\phpstudy\PHPTutorial\WWW\modelSys\Admin\Lib\Model\MisWorkExecutingModel.class.php on line 112 and defined MisWorkMonitoringModel.class.php 第 36 行.
[ 2018-07-27T16:43:49+08:00 ] /modelSys/Admin/index.php/Index/index | NOTIC: [8] Undefined variable: userid MisWorkMonitoringModel.class.php 第 37 行.
[ 2018-07-27T16:43:49+08:00 ] /modelSys/Admin/index.php/Index/index | NOTIC: [8] Undefined index: extendwhere Model.class.php 第 278 行.
[ 2018-07-27T16:43:49+08:00 ] /modelSys/Admin/index.php/Index/index | SQL: SELECT `tablename`,`createtime` FROM `mis_work_monitoring` WHERE ( `id` > 0 ) AND ( `dostatus` = 0 ) AND ( `isauditstatus` = 1 ) AND ( FIND_IN_SET(  1, curAuditUser ) )  [ 执行文件：E:\PHP\phpstudy\PHPTutorial\WWW\modelSys\Admin\Lib\Model\MisWorkMonitoringModel.class.php，行号:46，运行时间:0.0004s ]
[ 2018-07-27T16:43:49+08:00 ] /modelSys/Admin/index.php/Index/index | SQL: SELECT `tablename`,`createtime` FROM `mis_work_monitoring` WHERE ( `id` > 0 ) AND ( `dostatus` = 0 ) AND ( `isauditstatus` = 1 ) AND ( FIND_IN_SET(  1, curAuditUser ) )  [ 执行文件：E:\PHP\phpstudy\PHPTutorial\WWW\modelSys\Admin\Lib\Model\MisWorkMonitoringModel.class.php，行号:46，运行时间:0.0004s ]
[ 2018-07-27T16:43:49+08:00 ] /modelSys/Admin/index.php/Index/index | NOTIC: [2] Invalid argument supplied for foreach() MisWorkMonitoringModel.class.php 第 51 行.
[ 2018-07-27T16:43:49+08:00 ] /modelSys/Admin/index.php/Index/index | SQL: SHOW COLUMNS FROM `mis_notify` [ 执行文件：E:\PHP\phpstudy\PHPTutorial\WWW\modelSys\Admin\Lib\Model\MisWorkMonitoringModel.class.php，行号:46，运行时间:0.0005s ]
[ 2018-07-27T16:43:49+08:00 ] /modelSys/Admin/index.php/Index/index | SQL: SHOW COLUMNS FROM `mis_notify` [ 执行文件：E:\PHP\phpstudy\PHPTutorial\WWW\modelSys\Admin\Lib\Model\MisWorkMonitoringModel.class.php，行号:46，运行时间:0.0005s ]
[ 2018-07-27T16:43:49+08:00 ] /modelSys/Admin/index.php/Index/index | NOTIC: [8] Undefined index: nodeActionName1 common.php 第 4027 行.
[ 2018-07-27T16:43:49+08:00 ] /modelSys/Admin/index.php/Index/index | NOTIC: [8] Undefined index: nodeAuditId1 common.php 第 4029 行.
[ 2018-07-27T16:43:49+08:00 ] /modelSys/Admin/index.php/Index/index | NOTIC: [8] Undefined index: extendwhere Model.class.php 第 278 行.
[ 2018-07-27T16:43:49+08:00 ] /modelSys/Admin/index.php/Index/index | NOTIC: [2] mkdir() [<a href='function.mkdir'>function.mkdir</a>]: No such file or directory common.php 第 495 行.
[ 2018-07-27T16:43:49+08:00 ] /modelSys/Admin/index.php/Index/index | SQL: SELECT COUNT(*) AS tp_count FROM `mis_notify` WHERE ( FIND_IN_SET(  1,recipient ) ) AND ( `isread` = 0 ) LIMIT 1   [ 执行文件：E:\PHP\phpstudy\PHPTutorial\WWW\modelSys\ThinkPHP\Lib\Core\Model.class.php，行号:295，运行时间:0.0007s ]
[ 2018-07-27T16:43:49+08:00 ] /modelSys/Admin/index.php/Index/index | SQL: SELECT COUNT(*) AS tp_count FROM `mis_notify` WHERE ( FIND_IN_SET(  1,recipient ) ) AND ( `isread` = 0 ) LIMIT 1   [ 执行文件：E:\PHP\phpstudy\PHPTutorial\WWW\modelSys\ThinkPHP\Lib\Core\Model.class.php，行号:295，运行时间:0.0007s ]
[ 2018-07-27T16:43:49+08:00 ] /modelSys/Admin/index.php/Index/index | SQL: SHOW COLUMNS FROM `mis_sale_business` [ 执行文件：E:\PHP\phpstudy\PHPTutorial\WWW\modelSys\ThinkPHP\Lib\Core\Model.class.php，行号:295，运行时间:0.0006s ]
[ 2018-07-27T16:43:49+08:00 ] /modelSys/Admin/index.php/Index/index | SQL: SHOW COLUMNS FROM `mis_sale_business` [ 执行文件：E:\PHP\phpstudy\PHPTutorial\WWW\modelSys\ThinkPHP\Lib\Core\Model.class.php，行号:295，运行时间:0.0006s ]
[ 2018-07-27T16:43:49+08:00 ] /modelSys/Admin/index.php/Index/index | NOTIC: [8] Undefined index: nodeActionName1 common.php 第 4027 行.
[ 2018-07-27T16:43:49+08:00 ] /modelSys/Admin/index.php/Index/index | NOTIC: [8] Undefined index: nodeAuditId1 common.php 第 4029 行.
[ 2018-07-27T16:43:49+08:00 ] /modelSys/Admin/index.php/Index/index | NOTIC: [8] Undefined index: extendwhere Model.class.php 第 278 行.
[ 2018-07-27T16:43:49+08:00 ] /modelSys/Admin/index.php/Index/index | NOTIC: [2] mkdir() [<a href='function.mkdir'>function.mkdir</a>]: No such file or directory common.php 第 495 行.
[ 2018-07-27T16:43:49+08:00 ] /modelSys/Admin/index.php/Index/index | NOTIC: [2] mkdir() [<a href='function.mkdir'>function.mkdir</a>]: No such file or directory common.php 第 495 行.
[ 2018-07-27T16:43:49+08:00 ] /modelSys/Admin/index.php/Index/index | SQL: SELECT COUNT(*) AS tp_count FROM `mis_sale_business` WHERE ( `businessstatus` IN ('2',3) ) AND ( `userid` = '1' ) LIMIT 1   [ 执行文件：E:\PHP\phpstudy\PHPTutorial\WWW\modelSys\ThinkPHP\Lib\Core\Model.class.php，行号:295，运行时间:0.0005s ]
[ 2018-07-27T16:43:49+08:00 ] /modelSys/Admin/index.php/Index/index | SQL: SELECT COUNT(*) AS tp_count FROM `mis_sale_business` WHERE ( `businessstatus` IN ('2',3) ) AND ( `userid` = '1' ) LIMIT 1   [ 执行文件：E:\PHP\phpstudy\PHPTutorial\WWW\modelSys\ThinkPHP\Lib\Core\Model.class.php，行号:295，运行时间:0.0005s ]
[ 2018-07-27T16:43:49+08:00 ] /modelSys/Admin/index.php/Index/index | SQL: SHOW COLUMNS FROM `mis_auto_sam` [ 执行文件：E:\PHP\phpstudy\PHPTutorial\WWW\modelSys\ThinkPHP\Lib\Core\Model.class.php，行号:295，运行时间:0.0006s ]
[ 2018-07-27T16:43:49+08:00 ] /modelSys/Admin/index.php/Index/index | SQL: SHOW COLUMNS FROM `mis_auto_sam` [ 执行文件：E:\PHP\phpstudy\PHPTutorial\WWW\modelSys\ThinkPHP\Lib\Core\Model.class.php，行号:295，运行时间:0.0006s ]
[ 2018-07-27T16:43:49+08:00 ] /modelSys/Admin/index.php/Index/index | NOTIC: [8] Undefined index: where Model.class.php 第 709 行.
[ 2018-07-27T16:43:49+08:00 ] /modelSys/Admin/index.php/Index/index | SQL: SELECT * FROM `mis_auto_fuhhu_sub_datatable5`  [ 执行文件：E:\PHP\phpstudy\PHPTutorial\WWW\modelSys\Admin\Lib\Action\UserOftenMenuAction.class.php，行号:238，运行时间:0.0003s ]
[ 2018-07-27T16:43:49+08:00 ] /modelSys/Admin/index.php/Index/index | SQL: SELECT * FROM `mis_auto_fuhhu_sub_datatable5`  [ 执行文件：E:\PHP\phpstudy\PHPTutorial\WWW\modelSys\Admin\Lib\Action\UserOftenMenuAction.class.php，行号:238，运行时间:0.0003s ]
[ 2018-07-27T16:43:49+08:00 ] /modelSys/Admin/index.php/Index/index | NOTIC: [2] Invalid argument supplied for foreach() UserOftenMenuAction.class.php 第 242 行.
[ 2018-07-27T16:43:49+08:00 ] /modelSys/Admin/index.php/Index/index | NOTIC: [8] Undefined variable: subId UserOftenMenuAction.class.php 第 265 行.
[ 2018-07-27T16:43:49+08:00 ] /modelSys/Admin/index.php/Index/index | NOTIC: [8] Undefined index: dsp CommonAction.class.php 第 1320 行.
[ 2018-07-27T16:43:49+08:00 ] /modelSys/Admin/index.php/Index/index | NOTIC: [8] Undefined index: remindMap CommonAction.class.php 第 1323 行.
[ 2018-07-27T16:43:49+08:00 ] /modelSys/Admin/index.php/Index/index | NOTIC: [8] Undefined index: nodeActionName1 common.php 第 4027 行.
[ 2018-07-27T16:43:49+08:00 ] /modelSys/Admin/index.php/Index/index | NOTIC: [8] Undefined index: nodeAuditId1 common.php 第 4029 行.
[ 2018-07-27T16:43:49+08:00 ] /modelSys/Admin/index.php/Index/index | NOTIC: [2] array_keys() expects parameter 1 to be array, null given CommonAction.class.php 第 1388 行.
[ 2018-07-27T16:43:49+08:00 ] /modelSys/Admin/index.php/Index/index | NOTIC: [8] Undefined index: search_flag CommonAction.class.php 第 1420 行.
[ 2018-07-27T16:43:49+08:00 ] /modelSys/Admin/index.php/Index/index | NOTIC: [8] Undefined index: extendwhere Model.class.php 第 278 行.
[ 2018-07-27T16:43:49+08:00 ] /modelSys/Admin/index.php/Index/index | NOTIC: [2] mkdir() [<a href='function.mkdir'>function.mkdir</a>]: No such file or directory common.php 第 495 行.
[ 2018-07-27T16:43:49+08:00 ] /modelSys/Admin/index.php/Index/index | NOTIC: [2] mkdir() [<a href='function.mkdir'>function.mkdir</a>]: No such file or directory common.php 第 495 行.
[ 2018-07-27T16:43:49+08:00 ] /modelSys/Admin/index.php/Index/index | NOTIC: [2] implode() [<a href='function.implode'>function.implode</a>]: Invalid arguments passed Db.class.php 第 551 行.
[ 2018-07-27T16:43:49+08:00 ] /modelSys/Admin/index.php/Index/index | SQL: SELECT COUNT(*) AS tp_count FROM `mis_auto_vph_sub_view` WHERE ( `conveneStatus` = 2 ) AND ( `shifoujieshu` = 0 ) AND ( `pingshenhuileixing` = 5 ) AND ( `id` IN () ) LIMIT 1   [ 执行文件：E:\PHP\phpstudy\PHPTutorial\WWW\modelSys\ThinkPHP\Lib\Core\Model.class.php，行号:295，运行时间:0.0002s ]
[ 2018-07-27T16:43:49+08:00 ] /modelSys/Admin/index.php/Index/index | SQL: SELECT COUNT(*) AS tp_count FROM `mis_auto_vph_sub_view` WHERE ( `conveneStatus` = 2 ) AND ( `shifoujieshu` = 0 ) AND ( `pingshenhuileixing` = 5 ) AND ( `id` IN () ) LIMIT 1   [ 执行文件：E:\PHP\phpstudy\PHPTutorial\WWW\modelSys\ThinkPHP\Lib\Core\Model.class.php，行号:295，运行时间:0.0002s ]
[ 2018-07-27T16:43:49+08:00 ] /modelSys/Admin/index.php/Index/index | NOTIC: [8] Undefined variable: htmls CommonAction.class.php 第 1429 行.
[ 2018-07-27T16:43:49+08:00 ] /modelSys/Admin/index.php/Index/index | NOTIC: [8] Undefined index: export_bysearch CommonAction.class.php 第 1526 行.
[ 2018-07-27T16:43:49+08:00 ] /modelSys/Admin/index.php/Index/index | NOTIC: [8] Undefined index: dealLookupList CommonAction.class.php 第 1530 行.
[ 2018-07-27T16:43:49+08:00 ] /modelSys/Admin/index.php/Index/index | NOTIC: [8] Undefined variable: numPerPage CommonAction.class.php 第 1536 行.
[ 2018-07-27T16:43:49+08:00 ] /modelSys/Admin/index.php/Index/index | NOTIC: [2] Division by zero CommonAction.class.php 第 1536 行.
[ 2018-07-27T16:43:49+08:00 ] /modelSys/Admin/index.php/Index/index | NOTIC: [8] Undefined variable: sortImg CommonAction.class.php 第 1539 行.
[ 2018-07-27T16:43:49+08:00 ] /modelSys/Admin/index.php/Index/index | NOTIC: [8] Undefined variable: sortAlt CommonAction.class.php 第 1540 行.
[ 2018-07-27T16:43:49+08:00 ] /modelSys/Admin/index.php/Index/index | NOTIC: [8] Undefined variable: numPerPage CommonAction.class.php 第 1542 行.
[ 2018-07-27T16:43:49+08:00 ] /modelSys/Admin/index.php/Index/index | NOTIC: [8] Undefined index: nodeActionName1 common.php 第 4027 行.
[ 2018-07-27T16:43:49+08:00 ] /modelSys/Admin/index.php/Index/index | NOTIC: [8] Undefined index: nodeAuditId1 common.php 第 4029 行.
[ 2018-07-27T16:43:49+08:00 ] /modelSys/Admin/index.php/Index/index | NOTIC: [8] Undefined index: extendwhere Model.class.php 第 278 行.
[ 2018-07-27T16:43:49+08:00 ] /modelSys/Admin/index.php/Index/index | SQL: SELECT COUNT(*) AS tp_count FROM `mis_notify` WHERE ( FIND_IN_SET(  1,recipient ) ) AND ( `isread` = 0 ) LIMIT 1   [ 执行文件：E:\PHP\phpstudy\PHPTutorial\WWW\modelSys\ThinkPHP\Lib\Core\Model.class.php，行号:295，运行时间:0.0005s ]
[ 2018-07-27T16:43:49+08:00 ] /modelSys/Admin/index.php/Index/index | SQL: SELECT COUNT(*) AS tp_count FROM `mis_notify` WHERE ( FIND_IN_SET(  1,recipient ) ) AND ( `isread` = 0 ) LIMIT 1   [ 执行文件：E:\PHP\phpstudy\PHPTutorial\WWW\modelSys\ThinkPHP\Lib\Core\Model.class.php，行号:295，运行时间:0.0005s ]
[ 2018-07-27T16:43:49+08:00 ] /modelSys/Admin/index.php/Index/index | INFO: [ view_template ] --START--
[ 2018-07-27T16:43:49+08:00 ] /modelSys/Admin/index.php/Index/index | INFO: Tag[ view_template ] --START--
[ 2018-07-27T16:43:49+08:00 ] /modelSys/Admin/index.php/Index/index | INFO: Run LocationTemplate Behavior [ RunTime:0.000665s ]
[ 2018-07-27T16:43:49+08:00 ] /modelSys/Admin/index.php/Index/index | INFO: Run LocationTemplate Behavior [ RunTime:0.000665s ]
[ 2018-07-27T16:43:49+08:00 ] /modelSys/Admin/index.php/Index/index | INFO: [ view_template ] --END-- [ RunTime:-0.279155s ]
[ 2018-07-27T16:43:49+08:00 ] /modelSys/Admin/index.php/Index/index | INFO: Tag[ view_template ] --END-- [ RunTime:-0.279155s ]
[ 2018-07-27T16:43:49+08:00 ] /modelSys/Admin/index.php/Index/index | INFO: [ view_parse ] --START--
[ 2018-07-27T16:43:49+08:00 ] /modelSys/Admin/index.php/Index/index | INFO: Tag[ view_parse ] --START--
[ 2018-07-27T16:43:49+08:00 ] /modelSys/Admin/index.php/Index/index | INFO: Run ParseTemplate Behavior [ RunTime:0.004806s ]
[ 2018-07-27T16:43:49+08:00 ] /modelSys/Admin/index.php/Index/index | INFO: Run ParseTemplate Behavior [ RunTime:0.004806s ]
[ 2018-07-27T16:43:49+08:00 ] /modelSys/Admin/index.php/Index/index | INFO: [ view_parse ] --END-- [ RunTime:0.004929s ]
[ 2018-07-27T16:43:49+08:00 ] /modelSys/Admin/index.php/Index/index | INFO: Tag[ view_parse ] --END-- [ RunTime:0.004929s ]
[ 2018-07-27T16:43:49+08:00 ] /modelSys/Admin/index.php/Index/index | INFO: [ view_filter ] --START--
[ 2018-07-27T16:43:49+08:00 ] /modelSys/Admin/index.php/Index/index | INFO: Tag[ view_filter ] --START--
[ 2018-07-27T16:43:49+08:00 ] /modelSys/Admin/index.php/Index/index | INFO: Run ContentReplace Behavior [ RunTime:0.000905s ]
[ 2018-07-27T16:43:49+08:00 ] /modelSys/Admin/index.php/Index/index | INFO: Run ContentReplace Behavior [ RunTime:0.000905s ]
[ 2018-07-27T16:43:49+08:00 ] /modelSys/Admin/index.php/Index/index | INFO: Run TokenBuild Behavior [ RunTime:0.000809s ]
[ 2018-07-27T16:43:49+08:00 ] /modelSys/Admin/index.php/Index/index | INFO: Run TokenBuild Behavior [ RunTime:0.000809s ]
[ 2018-07-27T16:43:49+08:00 ] /modelSys/Admin/index.php/Index/index | INFO: Run WriteHtmlCache Behavior [ RunTime:0.000920s ]
[ 2018-07-27T16:43:49+08:00 ] /modelSys/Admin/index.php/Index/index | INFO: Run WriteHtmlCache Behavior [ RunTime:0.000920s ]
[ 2018-07-27T16:43:49+08:00 ] /modelSys/Admin/index.php/Index/index | INFO: Run ShowRuntime Behavior [ RunTime:0.000815s ]
[ 2018-07-27T16:43:49+08:00 ] /modelSys/Admin/index.php/Index/index | INFO: Run ShowRuntime Behavior [ RunTime:0.000815s ]
[ 2018-07-27T16:43:49+08:00 ] /modelSys/Admin/index.php/Index/index | INFO: [ view_filter ] --END-- [ RunTime:0.003737s ]
[ 2018-07-27T16:43:49+08:00 ] /modelSys/Admin/index.php/Index/index | INFO: Tag[ view_filter ] --END-- [ RunTime:0.003737s ]
[ 2018-07-27T16:43:49+08:00 ] /modelSys/Admin/index.php/Index/index | INFO: [ view_end ] --START--
[ 2018-07-27T16:43:49+08:00 ] /modelSys/Admin/index.php/Index/index | INFO: Tag[ view_end ] --START--
[ 2018-07-27T16:43:49+08:00 ] /modelSys/Admin/index.php/Index/index | INFO: Run ShowPageTrace Behavior [ RunTime:0.000944s ]
[ 2018-07-27T16:43:49+08:00 ] /modelSys/Admin/index.php/Index/index | INFO: Run ShowPageTrace Behavior [ RunTime:0.000944s ]
[ 2018-07-27T16:43:49+08:00 ] /modelSys/Admin/index.php/Index/index | INFO: [ view_end ] --END-- [ RunTime:0.001039s ]
[ 2018-07-27T16:43:49+08:00 ] /modelSys/Admin/index.php/Index/index | INFO: Tag[ view_end ] --END-- [ RunTime:0.001039s ]
[ 2018-07-27T16:43:49+08:00 ] /modelSys/Admin/index.php/Index/index | NOTIC: [8] Undefined index: nodeActionName1 common.php 第 4027 行.
[ 2018-07-27T16:43:49+08:00 ] /modelSys/Admin/index.php/Index/index | NOTIC: [8] Undefined index: nodeAuditId1 common.php 第 4029 行.
[ 2018-07-27T16:43:49+08:00 ] /modelSys/Admin/index.php/Index/index | NOTIC: [2] Missing argument 1 for UserModel::getConfNotAuth(), called in E:\PHP\phpstudy\PHPTutorial\WWW\modelSys\Admin\Lib\Action\CommonAction.class.php on line 96 and defined UserModel.class.php 第 409 行.
[ 2018-07-27T16:43:49+08:00 ] /modelSys/Admin/index.php/Index/index | NOTIC: [8] Undefined variable: type UserModel.class.php 第 411 行.
[ 2018-07-27T16:43:49+08:00 ] /modelSys/Admin/index.php/Index/index | NOTIC: [8] Undefined index: NOT_AUTH_MODUL UserModel.class.php 第 416 行.
[ 2018-07-27T16:43:49+08:00 ] /modelSys/Admin/index.php/Index/index | NOTIC: [8] Undefined index: iseditor CommonAction.class.php 第 5490 行.
[ 2018-07-27T16:43:49+08:00 ] /modelSys/Admin/index.php/Index/index | NOTIC: [8] Undefined index: iseditor CommonAction.class.php 第 5490 行.
[ 2018-07-27T16:43:49+08:00 ] /modelSys/Admin/index.php/Index/index | NOTIC: [8] Undefined index: iseditor CommonAction.class.php 第 5490 行.
[ 2018-07-27T16:43:49+08:00 ] /modelSys/Admin/index.php/Index/index | NOTIC: [8] Undefined index: iseditor CommonAction.class.php 第 5490 行.
[ 2018-07-27T16:43:49+08:00 ] /modelSys/Admin/index.php/Index/index | NOTIC: [8] Undefined index: page MisSystemRemindAction.class.php 第 24 行.
[ 2018-07-27T16:43:49+08:00 ] /modelSys/Admin/index.php/Index/index | SQL: SHOW COLUMNS FROM `mis_system_remind` [ 执行文件：E:\PHP\phpstudy\PHPTutorial\WWW\modelSys\ThinkPHP\Lib\Core\Model.class.php，行号:295，运行时间:0.0007s ]
[ 2018-07-27T16:43:49+08:00 ] /modelSys/Admin/index.php/Index/index | SQL: SHOW COLUMNS FROM `mis_system_remind` [ 执行文件：E:\PHP\phpstudy\PHPTutorial\WWW\modelSys\ThinkPHP\Lib\Core\Model.class.php，行号:295，运行时间:0.0007s ]
[ 2018-07-27T16:43:49+08:00 ] /modelSys/Admin/index.php/Index/index | NOTIC: [8] Undefined index: nodeActionName1 common.php 第 4027 行.
[ 2018-07-27T16:43:49+08:00 ] /modelSys/Admin/index.php/Index/index | NOTIC: [8] Undefined index: nodeAuditId1 common.php 第 4029 行.
[ 2018-07-27T16:43:49+08:00 ] /modelSys/Admin/index.php/Index/index | NOTIC: [2] Missing argument 1 for MisSystemRemindModel::lookupremindList(), called in E:\PHP\phpstudy\PHPTutorial\WWW\modelSys\Admin\Lib\Action\MisSystemRemindAction.class.php on line 39 and defined MisSystemRemindModel.class.php 第 35 行.
[ 2018-07-27T16:43:49+08:00 ] /modelSys/Admin/index.php/Index/index | NOTIC: [8] Undefined index: nodeActionName1 common.php 第 4027 行.
[ 2018-07-27T16:43:49+08:00 ] /modelSys/Admin/index.php/Index/index | NOTIC: [8] Undefined index: nodeAuditId1 common.php 第 4029 行.
[ 2018-07-27T16:43:49+08:00 ] /modelSys/Admin/index.php/Index/index | NOTIC: [8] Undefined variable: map MisSystemRemindModel.class.php 第 39 行.
[ 2018-07-27T16:43:49+08:00 ] /modelSys/Admin/index.php/Index/index | NOTIC: [2] mkdir() [<a href='function.mkdir'>function.mkdir</a>]: No such file or directory common.php 第 495 行.
[ 2018-07-27T16:43:49+08:00 ] /modelSys/Admin/index.php/Index/index | SQL: SELECT * FROM `mis_system_remind` WHERE  status=1 and userid ='all'  and deluserid not in (1)  [ 执行文件：E:\PHP\phpstudy\PHPTutorial\WWW\modelSys\Admin\Lib\Model\MisSystemRemindModel.class.php，行号:44，运行时间:0.0007s ]
[ 2018-07-27T16:43:49+08:00 ] /modelSys/Admin/index.php/Index/index | SQL: SELECT * FROM `mis_system_remind` WHERE  status=1 and userid ='all'  and deluserid not in (1)  [ 执行文件：E:\PHP\phpstudy\PHPTutorial\WWW\modelSys\Admin\Lib\Model\MisSystemRemindModel.class.php，行号:44，运行时间:0.0007s ]
[ 2018-07-27T16:43:49+08:00 ] /modelSys/Admin/index.php/Index/index | NOTIC: [2] Invalid argument supplied for foreach() MisSystemRemindModel.class.php 第 45 行.
[ 2018-07-27T16:43:49+08:00 ] /modelSys/Admin/index.php/Index/index | NOTIC: [8] Undefined index: extendwhere Model.class.php 第 278 行.
[ 2018-07-27T16:43:49+08:00 ] /modelSys/Admin/index.php/Index/index | NOTIC: [2] mkdir() [<a href='function.mkdir'>function.mkdir</a>]: No such file or directory common.php 第 495 行.
[ 2018-07-27T16:43:49+08:00 ] /modelSys/Admin/index.php/Index/index | SQL: SELECT * FROM `mis_system_remind` WHERE (   userid =1 or  userid ='all' and status=1 and deluserid not in (1) ) AND ( `status` = 1 )  [ 执行文件：E:\PHP\phpstudy\PHPTutorial\WWW\modelSys\Admin\Lib\Model\MisSystemRemindModel.class.php，行号:58，运行时间:0.0006s ]
[ 2018-07-27T16:43:49+08:00 ] /modelSys/Admin/index.php/Index/index | SQL: SELECT * FROM `mis_system_remind` WHERE (   userid =1 or  userid ='all' and status=1 and deluserid not in (1) ) AND ( `status` = 1 )  [ 执行文件：E:\PHP\phpstudy\PHPTutorial\WWW\modelSys\Admin\Lib\Model\MisSystemRemindModel.class.php，行号:58，运行时间:0.0006s ]
[ 2018-07-27T16:43:49+08:00 ] /modelSys/Admin/index.php/Index/index | SQL: SHOW COLUMNS FROM `mis_system_data_remind_mas_view` [ 执行文件：E:\PHP\phpstudy\PHPTutorial\WWW\modelSys\Admin\Lib\Model\MisSystemRemindModel.class.php，行号:58，运行时间:0.0008s ]
[ 2018-07-27T16:43:49+08:00 ] /modelSys/Admin/index.php/Index/index | SQL: SHOW COLUMNS FROM `mis_system_data_remind_mas_view` [ 执行文件：E:\PHP\phpstudy\PHPTutorial\WWW\modelSys\Admin\Lib\Model\MisSystemRemindModel.class.php，行号:58，运行时间:0.0008s ]
[ 2018-07-27T16:43:49+08:00 ] /modelSys/Admin/index.php/Index/index | NOTIC: [8] Undefined index: nodeActionName1 common.php 第 4027 行.
[ 2018-07-27T16:43:49+08:00 ] /modelSys/Admin/index.php/Index/index | NOTIC: [8] Undefined index: nodeAuditId1 common.php 第 4029 行.
[ 2018-07-27T16:43:49+08:00 ] /modelSys/Admin/index.php/Index/index | NOTIC: [2] Invalid argument supplied for foreach() MisSystemRemindModel.class.php 第 65 行.
[ 2018-07-27T16:43:49+08:00 ] /modelSys/Admin/index.php/Index/index | NOTIC: [8] Undefined offset: 5 MisSystemRemindAction.class.php 第 52 行.
[ 2018-07-27T16:43:49+08:00 ] /modelSys/Admin/index.php/Index/index | NOTIC: [8] Undefined offset: -1 MisSystemRemindAction.class.php 第 53 行.
[ 2018-07-27T16:43:49+08:00 ] /modelSys/Admin/index.php/Index/index | INFO: [ view_template ] --START--
[ 2018-07-27T16:43:49+08:00 ] /modelSys/Admin/index.php/Index/index | INFO: Tag[ view_template ] --START--
[ 2018-07-27T16:43:49+08:00 ] /modelSys/Admin/index.php/Index/index | INFO: Run LocationTemplate Behavior [ RunTime:0.000592s ]
[ 2018-07-27T16:43:49+08:00 ] /modelSys/Admin/index.php/Index/index | INFO: Run LocationTemplate Behavior [ RunTime:0.000592s ]
[ 2018-07-27T16:43:49+08:00 ] /modelSys/Admin/index.php/Index/index | INFO: [ view_template ] --END-- [ RunTime:-0.314997s ]
[ 2018-07-27T16:43:49+08:00 ] /modelSys/Admin/index.php/Index/index | INFO: Tag[ view_template ] --END-- [ RunTime:-0.314997s ]
[ 2018-07-27T16:43:49+08:00 ] /modelSys/Admin/index.php/Index/index | INFO: [ view_parse ] --START--
[ 2018-07-27T16:43:49+08:00 ] /modelSys/Admin/index.php/Index/index | INFO: Tag[ view_parse ] --START--
[ 2018-07-27T16:43:49+08:00 ] /modelSys/Admin/index.php/Index/index | NOTIC: [8] Undefined variable: remindnum af8d61794677d50a7a24c1402f72e33a.php 第 17 行.
[ 2018-07-27T16:43:49+08:00 ] /modelSys/Admin/index.php/Index/index | INFO: Run ParseTemplate Behavior [ RunTime:0.007282s ]
[ 2018-07-27T16:43:49+08:00 ] /modelSys/Admin/index.php/Index/index | INFO: Run ParseTemplate Behavior [ RunTime:0.007282s ]
[ 2018-07-27T16:43:49+08:00 ] /modelSys/Admin/index.php/Index/index | INFO: [ view_parse ] --END-- [ RunTime:-0.030854s ]
[ 2018-07-27T16:43:49+08:00 ] /modelSys/Admin/index.php/Index/index | INFO: Tag[ view_parse ] --END-- [ RunTime:-0.030854s ]
[ 2018-07-27T16:43:49+08:00 ] /modelSys/Admin/index.php/Index/index | INFO: [ view_filter ] --START--
[ 2018-07-27T16:43:49+08:00 ] /modelSys/Admin/index.php/Index/index | INFO: Tag[ view_filter ] --START--
[ 2018-07-27T16:43:49+08:00 ] /modelSys/Admin/index.php/Index/index | INFO: Run ContentReplace Behavior [ RunTime:0.000047s ]
[ 2018-07-27T16:43:49+08:00 ] /modelSys/Admin/index.php/Index/index | INFO: Run ContentReplace Behavior [ RunTime:0.000047s ]
[ 2018-07-27T16:43:49+08:00 ] /modelSys/Admin/index.php/Index/index | INFO: Run TokenBuild Behavior [ RunTime:0.000044s ]
[ 2018-07-27T16:43:49+08:00 ] /modelSys/Admin/index.php/Index/index | INFO: Run TokenBuild Behavior [ RunTime:0.000044s ]
[ 2018-07-27T16:43:49+08:00 ] /modelSys/Admin/index.php/Index/index | INFO: Run WriteHtmlCache Behavior [ RunTime:0.000006s ]
[ 2018-07-27T16:43:49+08:00 ] /modelSys/Admin/index.php/Index/index | INFO: Run WriteHtmlCache Behavior [ RunTime:0.000006s ]
[ 2018-07-27T16:43:49+08:00 ] /modelSys/Admin/index.php/Index/index | INFO: Run ShowRuntime Behavior [ RunTime:0.000073s ]
[ 2018-07-27T16:43:49+08:00 ] /modelSys/Admin/index.php/Index/index | INFO: Run ShowRuntime Behavior [ RunTime:0.000073s ]
[ 2018-07-27T16:43:49+08:00 ] /modelSys/Admin/index.php/Index/index | INFO: [ view_filter ] --END-- [ RunTime:-0.034504s ]
[ 2018-07-27T16:43:49+08:00 ] /modelSys/Admin/index.php/Index/index | INFO: Tag[ view_filter ] --END-- [ RunTime:-0.034504s ]
[ 2018-07-27T16:43:49+08:00 ] /modelSys/Admin/index.php/Index/index | INFO: [ view_end ] --START--
[ 2018-07-27T16:43:49+08:00 ] /modelSys/Admin/index.php/Index/index | INFO: Tag[ view_end ] --START--
[ 2018-07-27T16:43:49+08:00 ] /modelSys/Admin/index.php/Index/index | INFO: Run ShowPageTrace Behavior [ RunTime:0.000021s ]
[ 2018-07-27T16:43:49+08:00 ] /modelSys/Admin/index.php/Index/index | INFO: Run ShowPageTrace Behavior [ RunTime:0.000021s ]
[ 2018-07-27T16:43:49+08:00 ] /modelSys/Admin/index.php/Index/index | INFO: [ view_end ] --END-- [ RunTime:-0.033902s ]
[ 2018-07-27T16:43:49+08:00 ] /modelSys/Admin/index.php/Index/index | INFO: Tag[ view_end ] --END-- [ RunTime:-0.033902s ]
[ 2018-07-27T16:43:49+08:00 ] /modelSys/Admin/index.php/Index/index | SQL: SHOW COLUMNS FROM `mis_user_often_menu` [ 执行文件：E:\PHP\phpstudy\PHPTutorial\WWW\modelSys\Admin\Lib\Model\MisSystemRemindModel.class.php，行号:58，运行时间:0.0007s ]
[ 2018-07-27T16:43:49+08:00 ] /modelSys/Admin/index.php/Index/index | SQL: SHOW COLUMNS FROM `mis_user_often_menu` [ 执行文件：E:\PHP\phpstudy\PHPTutorial\WWW\modelSys\Admin\Lib\Model\MisSystemRemindModel.class.php，行号:58，运行时间:0.0007s ]
[ 2018-07-27T16:43:49+08:00 ] /modelSys/Admin/index.php/Index/index | NOTIC: [8] Undefined index: nodeActionName1 common.php 第 4027 行.
[ 2018-07-27T16:43:49+08:00 ] /modelSys/Admin/index.php/Index/index | NOTIC: [8] Undefined index: nodeAuditId1 common.php 第 4029 行.
[ 2018-07-27T16:43:49+08:00 ] /modelSys/Admin/index.php/Index/index | NOTIC: [8] Undefined index: extendwhere Model.class.php 第 278 行.
[ 2018-07-27T16:43:49+08:00 ] /modelSys/Admin/index.php/Index/index | NOTIC: [2] mkdir() [<a href='function.mkdir'>function.mkdir</a>]: No such file or directory common.php 第 495 行.
[ 2018-07-27T16:43:49+08:00 ] /modelSys/Admin/index.php/Index/index | SQL: SELECT * FROM `mis_user_often_menu` WHERE ( `uid` = '1' ) AND ( `status` = 1 ) ORDER BY createtime asc  [ 执行文件：E:\PHP\phpstudy\PHPTutorial\WWW\modelSys\Admin\Lib\Model\UserOftenMenuModel.class.php，行号:32，运行时间:0.0006s ]
[ 2018-07-27T16:43:49+08:00 ] /modelSys/Admin/index.php/Index/index | SQL: SELECT * FROM `mis_user_often_menu` WHERE ( `uid` = '1' ) AND ( `status` = 1 ) ORDER BY createtime asc  [ 执行文件：E:\PHP\phpstudy\PHPTutorial\WWW\modelSys\Admin\Lib\Model\UserOftenMenuModel.class.php，行号:32，运行时间:0.0006s ]
[ 2018-07-27T16:43:49+08:00 ] /modelSys/Admin/index.php/Index/index | NOTIC: [2] Invalid argument supplied for foreach() UserOftenMenuModel.class.php 第 35 行.
[ 2018-07-27T16:43:49+08:00 ] /modelSys/Admin/index.php/Index/index | INFO: [ view_template ] --START--
[ 2018-07-27T16:43:49+08:00 ] /modelSys/Admin/index.php/Index/index | INFO: Tag[ view_template ] --START--
[ 2018-07-27T16:43:49+08:00 ] /modelSys/Admin/index.php/Index/index | INFO: Run LocationTemplate Behavior [ RunTime:0.000637s ]
[ 2018-07-27T16:43:49+08:00 ] /modelSys/Admin/index.php/Index/index | INFO: Run LocationTemplate Behavior [ RunTime:0.000637s ]
[ 2018-07-27T16:43:49+08:00 ] /modelSys/Admin/index.php/Index/index | INFO: [ view_template ] --END-- [ RunTime:-0.335040s ]
[ 2018-07-27T16:43:49+08:00 ] /modelSys/Admin/index.php/Index/index | INFO: Tag[ view_template ] --END-- [ RunTime:-0.335040s ]
[ 2018-07-27T16:43:49+08:00 ] /modelSys/Admin/index.php/Index/index | INFO: [ view_parse ] --START--
[ 2018-07-27T16:43:49+08:00 ] /modelSys/Admin/index.php/Index/index | INFO: Tag[ view_parse ] --START--
[ 2018-07-27T16:43:49+08:00 ] /modelSys/Admin/index.php/Index/index | NOTIC: [8] Undefined index: nodeActionName1 common.php 第 4027 行.
[ 2018-07-27T16:43:49+08:00 ] /modelSys/Admin/index.php/Index/index | NOTIC: [8] Undefined index: nodeAuditId1 common.php 第 4029 行.
[ 2018-07-27T16:43:49+08:00 ] /modelSys/Admin/index.php/Index/index | NOTIC: [8] Undefined index: extendwhere Model.class.php 第 278 行.
[ 2018-07-27T16:43:49+08:00 ] /modelSys/Admin/index.php/Index/index | NOTIC: [2] mkdir() [<a href='function.mkdir'>function.mkdir</a>]: No such file or directory common.php 第 495 行.
[ 2018-07-27T16:43:49+08:00 ] /modelSys/Admin/index.php/Index/index | NOTIC: [2] mkdir() [<a href='function.mkdir'>function.mkdir</a>]: No such file or directory common.php 第 495 行.
[ 2018-07-27T16:43:49+08:00 ] /modelSys/Admin/index.php/Index/index | SQL: SELECT `usertype` FROM `user` WHERE ( `id` = 1 ) AND ( 1=1 ) LIMIT 1   [ 执行文件：E:\PHP\phpstudy\PHPTutorial\WWW\modelSys\Admin\Common\common.php，行号:541，运行时间:0.0003s ]
[ 2018-07-27T16:43:49+08:00 ] /modelSys/Admin/index.php/Index/index | SQL: SELECT `usertype` FROM `user` WHERE ( `id` = 1 ) AND ( 1=1 ) LIMIT 1   [ 执行文件：E:\PHP\phpstudy\PHPTutorial\WWW\modelSys\Admin\Common\common.php，行号:541，运行时间:0.0003s ]
[ 2018-07-27T16:43:49+08:00 ] /modelSys/Admin/index.php/Index/index | INFO: Run ParseTemplate Behavior [ RunTime:0.013948s ]
[ 2018-07-27T16:43:49+08:00 ] /modelSys/Admin/index.php/Index/index | INFO: Run ParseTemplate Behavior [ RunTime:0.013948s ]
[ 2018-07-27T16:43:49+08:00 ] /modelSys/Admin/index.php/Index/index | INFO: [ view_parse ] --END-- [ RunTime:-0.051007s ]
[ 2018-07-27T16:43:49+08:00 ] /modelSys/Admin/index.php/Index/index | INFO: Tag[ view_parse ] --END-- [ RunTime:-0.051007s ]
[ 2018-07-27T16:43:49+08:00 ] /modelSys/Admin/index.php/Index/index | INFO: [ view_filter ] --START--
[ 2018-07-27T16:43:49+08:00 ] /modelSys/Admin/index.php/Index/index | INFO: Tag[ view_filter ] --START--
[ 2018-07-27T16:43:49+08:00 ] /modelSys/Admin/index.php/Index/index | INFO: Run ContentReplace Behavior [ RunTime:0.000053s ]
[ 2018-07-27T16:43:49+08:00 ] /modelSys/Admin/index.php/Index/index | INFO: Run ContentReplace Behavior [ RunTime:0.000053s ]
[ 2018-07-27T16:43:49+08:00 ] /modelSys/Admin/index.php/Index/index | INFO: Run TokenBuild Behavior [ RunTime:0.000030s ]
[ 2018-07-27T16:43:49+08:00 ] /modelSys/Admin/index.php/Index/index | INFO: Run TokenBuild Behavior [ RunTime:0.000030s ]
[ 2018-07-27T16:43:49+08:00 ] /modelSys/Admin/index.php/Index/index | INFO: Run WriteHtmlCache Behavior [ RunTime:0.000006s ]
[ 2018-07-27T16:43:49+08:00 ] /modelSys/Admin/index.php/Index/index | INFO: Run WriteHtmlCache Behavior [ RunTime:0.000006s ]
[ 2018-07-27T16:43:49+08:00 ] /modelSys/Admin/index.php/Index/index | INFO: Run ShowRuntime Behavior [ RunTime:0.000036s ]
[ 2018-07-27T16:43:49+08:00 ] /modelSys/Admin/index.php/Index/index | INFO: Run ShowRuntime Behavior [ RunTime:0.000036s ]
[ 2018-07-27T16:43:49+08:00 ] /modelSys/Admin/index.php/Index/index | INFO: [ view_filter ] --END-- [ RunTime:-0.061302s ]
[ 2018-07-27T16:43:49+08:00 ] /modelSys/Admin/index.php/Index/index | INFO: Tag[ view_filter ] --END-- [ RunTime:-0.061302s ]
[ 2018-07-27T16:43:49+08:00 ] /modelSys/Admin/index.php/Index/index | INFO: [ view_end ] --START--
[ 2018-07-27T16:43:49+08:00 ] /modelSys/Admin/index.php/Index/index | INFO: Tag[ view_end ] --START--
[ 2018-07-27T16:43:49+08:00 ] /modelSys/Admin/index.php/Index/index | INFO: Run ShowPageTrace Behavior [ RunTime:0.000017s ]
[ 2018-07-27T16:43:49+08:00 ] /modelSys/Admin/index.php/Index/index | INFO: Run ShowPageTrace Behavior [ RunTime:0.000017s ]
[ 2018-07-27T16:43:49+08:00 ] /modelSys/Admin/index.php/Index/index | INFO: [ view_end ] --END-- [ RunTime:-0.060580s ]
[ 2018-07-27T16:43:49+08:00 ] /modelSys/Admin/index.php/Index/index | INFO: Tag[ view_end ] --END-- [ RunTime:-0.060580s ]
[ 2018-07-27T16:43:49+08:00 ] /modelSys/Admin/index.php/Index/index | NOTIC: [8] Undefined variable: aryapps 0573c70d8602d961e53f714ea77bd87c.php 第 580 行.
[ 2018-07-27T16:43:49+08:00 ] /modelSys/Admin/index.php/Index/index | INFO: Run ParseTemplate Behavior [ RunTime:0.000209s ]
[ 2018-07-27T16:43:49+08:00 ] /modelSys/Admin/index.php/Index/index | INFO: Run ParseTemplate Behavior [ RunTime:0.000209s ]
[ 2018-07-27T16:43:49+08:00 ] /modelSys/Admin/index.php/Index/index | INFO: [ view_parse ] --END-- [ RunTime:-0.051007s ]
[ 2018-07-27T16:43:49+08:00 ] /modelSys/Admin/index.php/Index/index | INFO: Tag[ view_parse ] --END-- [ RunTime:-0.051007s ]
[ 2018-07-27T16:43:49+08:00 ] /modelSys/Admin/index.php/Index/index | INFO: [ view_filter ] --START--
[ 2018-07-27T16:43:49+08:00 ] /modelSys/Admin/index.php/Index/index | INFO: Tag[ view_filter ] --START--
[ 2018-07-27T16:43:49+08:00 ] /modelSys/Admin/index.php/Index/index | INFO: Run ContentReplace Behavior [ RunTime:0.000576s ]
[ 2018-07-27T16:43:49+08:00 ] /modelSys/Admin/index.php/Index/index | INFO: Run ContentReplace Behavior [ RunTime:0.000576s ]
[ 2018-07-27T16:43:49+08:00 ] /modelSys/Admin/index.php/Index/index | INFO: Run TokenBuild Behavior [ RunTime:0.000101s ]
[ 2018-07-27T16:43:49+08:00 ] /modelSys/Admin/index.php/Index/index | INFO: Run TokenBuild Behavior [ RunTime:0.000101s ]
[ 2018-07-27T16:43:49+08:00 ] /modelSys/Admin/index.php/Index/index | INFO: Run WriteHtmlCache Behavior [ RunTime:0.000006s ]
[ 2018-07-27T16:43:49+08:00 ] /modelSys/Admin/index.php/Index/index | INFO: Run WriteHtmlCache Behavior [ RunTime:0.000006s ]
[ 2018-07-27T16:43:49+08:00 ] /modelSys/Admin/index.php/Index/index | INFO: Run ShowRuntime Behavior [ RunTime:0.000092s ]
[ 2018-07-27T16:43:49+08:00 ] /modelSys/Admin/index.php/Index/index | INFO: Run ShowRuntime Behavior [ RunTime:0.000092s ]
[ 2018-07-27T16:43:49+08:00 ] /modelSys/Admin/index.php/Index/index | INFO: [ view_filter ] --END-- [ RunTime:-0.062013s ]
[ 2018-07-27T16:43:49+08:00 ] /modelSys/Admin/index.php/Index/index | INFO: Tag[ view_filter ] --END-- [ RunTime:-0.062013s ]
[ 2018-07-27T16:43:49+08:00 ] /modelSys/Admin/index.php/Index/index | INFO: [ view_end ] --START--
[ 2018-07-27T16:43:49+08:00 ] /modelSys/Admin/index.php/Index/index | INFO: Tag[ view_end ] --START--
[ 2018-07-27T16:43:49+08:00 ] /modelSys/Admin/index.php/Index/index | INFO: Run ShowPageTrace Behavior [ RunTime:0.000022s ]
[ 2018-07-27T16:43:49+08:00 ] /modelSys/Admin/index.php/Index/index | INFO: Run ShowPageTrace Behavior [ RunTime:0.000022s ]
[ 2018-07-27T16:43:49+08:00 ] /modelSys/Admin/index.php/Index/index | INFO: [ view_end ] --END-- [ RunTime:-0.062020s ]
[ 2018-07-27T16:43:49+08:00 ] /modelSys/Admin/index.php/Index/index | INFO: Tag[ view_end ] --END-- [ RunTime:-0.062020s ]
