Time 2018-07-23 09:55:23 : SELECT * FROM `user` ORDER BY id desc LIMIT 0,50  
Time 2018-07-23 09:58:45 : SELECT * FROM `user` ORDER BY id desc LIMIT 0,50  
Time 2018-07-23 09:59:07 : SELECT * FROM `user` ORDER BY id desc LIMIT 0,50  
Time 2018-07-23 09:59:33 : SELECT * FROM `user` ORDER BY id desc LIMIT 0,50  
Time 2018-07-23 09:59:47 : SELECT * FROM `user` ORDER BY id desc LIMIT 0,50  
Time 2018-07-23 10:00:28 : SELECT * FROM `user` ORDER BY id desc LIMIT 0,50  
Time 2018-07-23 10:01:34 : SELECT * FROM `user` ORDER BY id desc LIMIT 0,50  
Time 2018-07-23 14:48:58 : SELECT * FROM `mis_system_company` ORDER BY orderno asc LIMIT 0,50  
Time 2018-07-23 14:50:38 : SELECT * FROM `mis_system_company` ORDER BY orderno asc LIMIT 0,50  
Time 2018-07-23 14:52:00 : SELECT * FROM `mis_system_company` ORDER BY orderno asc LIMIT 0,50  
Time 2018-07-23 14:58:55 : SELECT * FROM `mis_system_company` ORDER BY orderno asc LIMIT 0,50  
Time 2018-07-23 15:07:30 : SELECT * FROM `mis_system_company` ORDER BY orderno asc LIMIT 0,50  
Time 2018-07-23 15:07:35 : SELECT * FROM `mis_system_company` ORDER BY orderno asc LIMIT 0,50  
Time 2018-07-23 15:08:20 : SELECT * FROM `mis_system_company` ORDER BY orderno asc LIMIT 0,50  
Time 2018-07-23 15:10:57 : SELECT * FROM `mis_system_company` ORDER BY orderno asc LIMIT 0,50  
Time 2018-07-23 15:11:54 : SELECT * FROM `mis_system_company` ORDER BY orderno asc LIMIT 0,50  
Time 2018-07-23 15:15:33 : SELECT * FROM `mis_system_company` WHERE ( `id`  IN  ('30') ) ORDER BY orderno asc LIMIT 0,50  
Time 2018-07-23 15:15:34 : SELECT * FROM `mis_system_company` WHERE ( `id`  IN  ('31') ) ORDER BY orderno asc LIMIT 0,50  
Time 2018-07-23 15:15:35 : SELECT * FROM `mis_system_company` WHERE ( `id`  IN  ('1') ) ORDER BY orderno asc LIMIT 0,50  
Time 2018-07-23 15:43:02 : SELECT * FROM `process_info` WHERE ( `nodename` = 'MisAutoIhh' ) ORDER BY id desc LIMIT 0,50  
Time 2018-07-23 15:43:15 : SELECT * FROM `process_info` WHERE ( `nodename` = 'MisAutoCnr' ) ORDER BY id desc LIMIT 0,50  
Time 2018-07-23 15:43:46 : SELECT * FROM `process_info` WHERE ( `nodename` = 'MisAutoCnr' ) ORDER BY id desc LIMIT 0,50  
Time 2018-07-23 15:47:52 : SELECT * FROM `mis_system_project_templete` ORDER BY id desc LIMIT 0,50  
Time 2018-07-23 15:48:15 : SELECT * FROM `mis_system_client_change_role` ORDER BY id desc LIMIT 0,50  
Time 2018-07-23 15:48:57 : SELECT * FROM `mis_system_client_change_role` ORDER BY id desc LIMIT 0,50  
Time 2018-07-23 15:49:34 : SELECT * FROM `mis_system_client_change_role` ORDER BY id desc LIMIT 0,50  
Time 2018-07-23 15:49:40 : SELECT * FROM `process_relation_form` WHERE ( `ganyustate` = 1 ) AND ( `auditState` = 0 ) ORDER BY id desc LIMIT 0,50  
Time 2018-07-23 15:49:45 : SELECT * FROM `process_relation_form` WHERE ( `ganyustate` = 1 ) AND ( `auditState` = 0 ) ORDER BY id desc LIMIT 50,50  
Time 2018-07-23 15:50:00 : SELECT * FROM `mis_system_data_update_manage` ORDER BY id desc LIMIT 0,50  
Time 2018-07-23 15:52:53 : SELECT * FROM `mis_system_list_limit` WHERE ( `status` > -1 ) ORDER BY id desc LIMIT 0,50  
Time 2018-07-23 15:58:17 : SELECT mis_system_data_remind_mas.id AS id,mis_system_data_remind_mas.modelname AS modelname,mis_system_data_remind_mas.pkey AS pkey,mis_system_data_remind_mas.msginfo AS msginfo,mis_system_data_remind_mas.type AS type,mis_system_data_remind_mas.status AS status,mis_system_data_remind_mas.porderno AS porderno,mis_system_data_remind_mas.createtime AS createtime,mis_system_data_remind_mas.linkstatus AS linkstatus,mis_system_data_remind_sub.masid AS masid,mis_system_data_remind_sub.id AS subid,mis_system_data_remind_sub.userid AS userid,mis_system_data_remind_sub.operation AS operation,mis_system_data_remind_sub.isread AS isread,mis_system_data_remind_sub.readtime AS readtime,mis_system_data_remind_sub.issend AS issend,mis_system_data_remind_sub.sendtime AS sendtime,mis_system_data_remind_sub.createtime AS createtime,mis_system_data_remind_sub.status AS substatus FROM mis_system_data_remind_mas mis_system_data_remind_mas LEFT JOIN mis_system_data_remind_sub mis_system_data_remind_sub ON mis_system_data_remind_mas.id=mis_system_data_remind_sub.masid WHERE ( mis_system_data_remind_mas.status = 1 ) AND ( mis_system_data_remind_sub.userid = '1' ) AND ( mis_system_data_remind_sub.isread = '1' ) AND ( mis_system_data_remind_sub.operation = 1 ) ORDER BY mis_system_data_remind_mas.id desc LIMIT 0,50  
Time 2018-07-23 16:00:11 : SELECT mis_system_data_remind_mas.id AS id,mis_system_data_remind_mas.modelname AS modelname,mis_system_data_remind_mas.pkey AS pkey,mis_system_data_remind_mas.msginfo AS msginfo,mis_system_data_remind_mas.type AS type,mis_system_data_remind_mas.status AS status,mis_system_data_remind_mas.porderno AS porderno,mis_system_data_remind_mas.createtime AS createtime,mis_system_data_remind_mas.linkstatus AS linkstatus,mis_system_data_remind_sub.masid AS masid,mis_system_data_remind_sub.id AS subid,mis_system_data_remind_sub.userid AS userid,mis_system_data_remind_sub.operation AS operation,mis_system_data_remind_sub.isread AS isread,mis_system_data_remind_sub.readtime AS readtime,mis_system_data_remind_sub.issend AS issend,mis_system_data_remind_sub.sendtime AS sendtime,mis_system_data_remind_sub.createtime AS createtime,mis_system_data_remind_sub.status AS substatus FROM mis_system_data_remind_mas mis_system_data_remind_mas LEFT JOIN mis_system_data_remind_sub mis_system_data_remind_sub ON mis_system_data_remind_mas.id=mis_system_data_remind_sub.masid WHERE ( mis_system_data_remind_mas.status = 1 ) AND ( mis_system_data_remind_sub.userid = '1' ) AND ( mis_system_data_remind_sub.isread = '1' ) AND ( mis_system_data_remind_sub.operation = 1 ) ORDER BY mis_system_data_remind_mas.id desc LIMIT 0,50  
Time 2018-07-23 16:00:16 : SELECT mis_system_data_remind_mas.id AS id,mis_system_data_remind_mas.modelname AS modelname,mis_system_data_remind_mas.pkey AS pkey,mis_system_data_remind_mas.msginfo AS msginfo,mis_system_data_remind_mas.type AS type,mis_system_data_remind_mas.status AS status,mis_system_data_remind_mas.porderno AS porderno,mis_system_data_remind_mas.createtime AS createtime,mis_system_data_remind_mas.linkstatus AS linkstatus,mis_system_data_remind_sub.masid AS masid,mis_system_data_remind_sub.id AS subid,mis_system_data_remind_sub.userid AS userid,mis_system_data_remind_sub.operation AS operation,mis_system_data_remind_sub.isread AS isread,mis_system_data_remind_sub.readtime AS readtime,mis_system_data_remind_sub.issend AS issend,mis_system_data_remind_sub.sendtime AS sendtime,mis_system_data_remind_sub.createtime AS createtime,mis_system_data_remind_sub.status AS substatus FROM mis_system_data_remind_mas mis_system_data_remind_mas LEFT JOIN mis_system_data_remind_sub mis_system_data_remind_sub ON mis_system_data_remind_mas.id=mis_system_data_remind_sub.masid WHERE ( mis_system_data_remind_mas.status = 1 ) AND ( mis_system_data_remind_sub.userid = '1' ) AND ( mis_system_data_remind_sub.isread = '1' ) AND ( mis_system_data_remind_sub.operation = 1 ) ORDER BY mis_system_data_remind_mas.id desc LIMIT 0,50  
Time 2018-07-23 16:00:19 : SELECT mis_system_data_remind_mas.id AS id,mis_system_data_remind_mas.modelname AS modelname,mis_system_data_remind_mas.pkey AS pkey,mis_system_data_remind_mas.msginfo AS msginfo,mis_system_data_remind_mas.type AS type,mis_system_data_remind_mas.status AS status,mis_system_data_remind_mas.porderno AS porderno,mis_system_data_remind_mas.createtime AS createtime,mis_system_data_remind_mas.linkstatus AS linkstatus,mis_system_data_remind_sub.masid AS masid,mis_system_data_remind_sub.id AS subid,mis_system_data_remind_sub.userid AS userid,mis_system_data_remind_sub.operation AS operation,mis_system_data_remind_sub.isread AS isread,mis_system_data_remind_sub.readtime AS readtime,mis_system_data_remind_sub.issend AS issend,mis_system_data_remind_sub.sendtime AS sendtime,mis_system_data_remind_sub.createtime AS createtime,mis_system_data_remind_sub.status AS substatus FROM mis_system_data_remind_mas mis_system_data_remind_mas LEFT JOIN mis_system_data_remind_sub mis_system_data_remind_sub ON mis_system_data_remind_mas.id=mis_system_data_remind_sub.masid WHERE ( mis_system_data_remind_mas.status = 1 ) AND ( mis_system_data_remind_sub.userid = '1' ) AND ( mis_system_data_remind_sub.isread = '1' ) AND ( mis_system_data_remind_sub.operation = 1 ) ORDER BY mis_system_data_remind_mas.id desc LIMIT 0,50  
Time 2018-07-23 16:00:31 : SELECT mis_system_data_remind_mas.id AS id,mis_system_data_remind_mas.modelname AS modelname,mis_system_data_remind_mas.pkey AS pkey,mis_system_data_remind_mas.msginfo AS msginfo,mis_system_data_remind_mas.type AS type,mis_system_data_remind_mas.status AS status,mis_system_data_remind_mas.porderno AS porderno,mis_system_data_remind_mas.createtime AS createtime,mis_system_data_remind_mas.linkstatus AS linkstatus,mis_system_data_remind_sub.masid AS masid,mis_system_data_remind_sub.id AS subid,mis_system_data_remind_sub.userid AS userid,mis_system_data_remind_sub.operation AS operation,mis_system_data_remind_sub.isread AS isread,mis_system_data_remind_sub.readtime AS readtime,mis_system_data_remind_sub.issend AS issend,mis_system_data_remind_sub.sendtime AS sendtime,mis_system_data_remind_sub.createtime AS createtime,mis_system_data_remind_sub.status AS substatus FROM mis_system_data_remind_mas mis_system_data_remind_mas LEFT JOIN mis_system_data_remind_sub mis_system_data_remind_sub ON mis_system_data_remind_mas.id=mis_system_data_remind_sub.masid WHERE ( mis_system_data_remind_mas.status = 1 ) AND ( mis_system_data_remind_sub.userid = '1' ) AND ( mis_system_data_remind_sub.isread = '1' ) AND ( mis_system_data_remind_sub.operation = 1 ) ORDER BY mis_system_data_remind_mas.id desc LIMIT 0,50  
Time 2018-07-23 16:03:00 : SELECT mis_system_data_remind_mas.id AS id,mis_system_data_remind_mas.modelname AS modelname,mis_system_data_remind_mas.pkey AS pkey,mis_system_data_remind_mas.msginfo AS msginfo,mis_system_data_remind_mas.type AS type,mis_system_data_remind_mas.status AS status,mis_system_data_remind_mas.porderno AS porderno,mis_system_data_remind_mas.createtime AS createtime,mis_system_data_remind_mas.linkstatus AS linkstatus,mis_system_data_remind_sub.masid AS masid,mis_system_data_remind_sub.id AS subid,mis_system_data_remind_sub.userid AS userid,mis_system_data_remind_sub.operation AS operation,mis_system_data_remind_sub.isread AS isread,mis_system_data_remind_sub.readtime AS readtime,mis_system_data_remind_sub.issend AS issend,mis_system_data_remind_sub.sendtime AS sendtime,mis_system_data_remind_sub.createtime AS createtime,mis_system_data_remind_sub.status AS substatus FROM mis_system_data_remind_mas mis_system_data_remind_mas LEFT JOIN mis_system_data_remind_sub mis_system_data_remind_sub ON mis_system_data_remind_mas.id=mis_system_data_remind_sub.masid WHERE ( mis_system_data_remind_mas.status = 1 ) AND ( mis_system_data_remind_sub.userid = '1' ) AND ( mis_system_data_remind_sub.isread = '1' ) AND ( mis_system_data_remind_sub.operation = 1 ) ORDER BY mis_system_data_remind_mas.id desc LIMIT 0,50  
Time 2018-07-23 16:03:11 : SELECT mis_system_data_remind_mas.id AS id,mis_system_data_remind_mas.modelname AS modelname,mis_system_data_remind_mas.pkey AS pkey,mis_system_data_remind_mas.msginfo AS msginfo,mis_system_data_remind_mas.type AS type,mis_system_data_remind_mas.status AS status,mis_system_data_remind_mas.porderno AS porderno,mis_system_data_remind_mas.createtime AS createtime,mis_system_data_remind_mas.linkstatus AS linkstatus,mis_system_data_remind_sub.masid AS masid,mis_system_data_remind_sub.id AS subid,mis_system_data_remind_sub.userid AS userid,mis_system_data_remind_sub.operation AS operation,mis_system_data_remind_sub.isread AS isread,mis_system_data_remind_sub.readtime AS readtime,mis_system_data_remind_sub.issend AS issend,mis_system_data_remind_sub.sendtime AS sendtime,mis_system_data_remind_sub.createtime AS createtime,mis_system_data_remind_sub.status AS substatus FROM mis_system_data_remind_mas mis_system_data_remind_mas LEFT JOIN mis_system_data_remind_sub mis_system_data_remind_sub ON mis_system_data_remind_mas.id=mis_system_data_remind_sub.masid WHERE ( mis_system_data_remind_mas.status = 1 ) AND ( mis_system_data_remind_sub.userid = '1' ) AND ( mis_system_data_remind_sub.isread = '1' ) AND ( mis_system_data_remind_sub.operation = 1 ) ORDER BY mis_system_data_remind_mas.id desc LIMIT 0,50  
Time 2018-07-23 16:04:18 : SELECT mis_system_data_remind_mas.id AS id,mis_system_data_remind_mas.modelname AS modelname,mis_system_data_remind_mas.pkey AS pkey,mis_system_data_remind_mas.msginfo AS msginfo,mis_system_data_remind_mas.type AS type,mis_system_data_remind_mas.status AS status,mis_system_data_remind_mas.porderno AS porderno,mis_system_data_remind_mas.createtime AS createtime,mis_system_data_remind_mas.linkstatus AS linkstatus,mis_system_data_remind_sub.masid AS masid,mis_system_data_remind_sub.id AS subid,mis_system_data_remind_sub.userid AS userid,mis_system_data_remind_sub.operation AS operation,mis_system_data_remind_sub.isread AS isread,mis_system_data_remind_sub.readtime AS readtime,mis_system_data_remind_sub.issend AS issend,mis_system_data_remind_sub.sendtime AS sendtime,mis_system_data_remind_sub.createtime AS createtime,mis_system_data_remind_sub.status AS substatus FROM mis_system_data_remind_mas mis_system_data_remind_mas LEFT JOIN mis_system_data_remind_sub mis_system_data_remind_sub ON mis_system_data_remind_mas.id=mis_system_data_remind_sub.masid WHERE ( mis_system_data_remind_mas.status = 1 ) AND ( mis_system_data_remind_sub.userid = '1' ) AND ( mis_system_data_remind_sub.isread = '1' ) AND ( mis_system_data_remind_sub.operation = 1 ) ORDER BY mis_system_data_remind_mas.id desc LIMIT 0,50  
Time 2018-07-23 16:06:16 : SELECT mis_system_data_remind_mas.id AS id,mis_system_data_remind_mas.modelname AS modelname,mis_system_data_remind_mas.pkey AS pkey,mis_system_data_remind_mas.msginfo AS msginfo,mis_system_data_remind_mas.type AS type,mis_system_data_remind_mas.status AS status,mis_system_data_remind_mas.porderno AS porderno,mis_system_data_remind_mas.createtime AS createtime,mis_system_data_remind_mas.linkstatus AS linkstatus,mis_system_data_remind_sub.masid AS masid,mis_system_data_remind_sub.id AS subid,mis_system_data_remind_sub.userid AS userid,mis_system_data_remind_sub.operation AS operation,mis_system_data_remind_sub.isread AS isread,mis_system_data_remind_sub.readtime AS readtime,mis_system_data_remind_sub.issend AS issend,mis_system_data_remind_sub.sendtime AS sendtime,mis_system_data_remind_sub.createtime AS createtime,mis_system_data_remind_sub.status AS substatus FROM mis_system_data_remind_mas mis_system_data_remind_mas LEFT JOIN mis_system_data_remind_sub mis_system_data_remind_sub ON mis_system_data_remind_mas.id=mis_system_data_remind_sub.masid WHERE ( mis_system_data_remind_mas.status = 1 ) AND ( mis_system_data_remind_sub.userid = '1' ) AND ( mis_system_data_remind_sub.isread = '1' ) AND ( mis_system_data_remind_sub.operation = 1 ) ORDER BY mis_system_data_remind_mas.id desc LIMIT 0,50  
Time 2018-07-23 16:33:45 : SELECT * FROM `user` ORDER BY id desc LIMIT 0,50  
Time 2018-07-23 16:43:19 : SELECT user_dept_duty.typeid AS typeid,user_dept_duty.companyid AS companyid,user_dept_duty.deptid AS deptid,user_dept_duty.userid AS usersid,user_dept_duty.dutyid AS dutyid,user_dept_duty.worktype AS worktype,user_dept_duty.id AS uddid,user_dept_duty.status AS dstatus,mis_hr_personnel_person_info.email AS email,mis_hr_personnel_person_info.picture AS picture,mis_hr_personnel_person_info.phone AS phone,mis_hr_personnel_person_info.qq AS qq,mis_hr_personnel_person_info.pinyin AS pinyin,mis_hr_personnel_person_info.shortNumber AS shortNumber,mis_hr_personnel_person_info.officeNumber AS officeNumber,mis_hr_personnel_person_info.id AS id,mis_hr_personnel_person_info.accounttype AS accounttype,mis_hr_personnel_person_info.education AS education,mis_hr_personnel_person_info.itemid AS itemid,mis_hr_personnel_person_info.working AS working,mis_hr_personnel_person_info.employeeheight AS employeeheight,mis_hr_personnel_person_info.orderno AS orderno,mis_hr_personnel_person_info.name AS name,mis_hr_personnel_person_info.sex AS sex,mis_hr_personnel_person_info.indate AS indate,mis_hr_personnel_person_info.nativeaddress AS nativeaddress,mis_hr_personnel_person_info.dutyname AS dutyname,mis_hr_personnel_person_info.transferdate AS transferdate,mis_hr_personnel_person_info.email AS email,mis_hr_personnel_person_info.chinaid AS chinaid,mis_hr_personnel_person_info.phone AS phone,mis_hr_personnel_person_info.workstatus AS workstatus,mis_hr_personnel_person_info.address AS address,mis_hr_personnel_person_info.status AS status,user.shangji AS shangji,user.anquandengji AS anquandengji,user.id AS userid,user.account AS account,user.name AS username,user.last_login_time AS last_login_time,user.login_count AS login_count,user.status AS ustatus,mis_system_duty.id AS systemdutyid,mis_system_duty.name AS dutyname FROM user_dept_duty user_dept_duty LEFT JOIN mis_hr_personnel_person_info mis_hr_personnel_person_info ON user_dept_duty.employeid=mis_hr_personnel_person_info.id LEFT JOIN user user ON user.employeid=mis_hr_personnel_person_info.id LEFT JOIN mis_system_duty mis_system_duty ON user_dept_duty.dutyid=mis_system_duty.id WHERE ( user.id<>'' or user.id<>0 ) AND ( user_dept_duty.status = 1 ) AND ( user_dept_duty.companyid = '1' ) ORDER BY user_dept_duty.typeid desc LIMIT 0,50  
Time 2018-07-23 16:43:23 : SELECT * FROM `mis_system_duty` ORDER BY level desc LIMIT 0,50  
Time 2018-07-23 16:43:42 : SELECT * FROM `mis_system_company` ORDER BY orderno asc LIMIT 0,50  
Time 2018-07-23 16:44:33 : SELECT * FROM `mis_system_data_control_mas` ORDER BY id desc LIMIT 0,50  
Time 2018-07-23 16:50:34 : SELECT * FROM `mis_system_panel_desing_mas` ORDER BY id desc LIMIT 0,50  
Time 2018-07-23 16:54:46 : SELECT node.id AS id,node.name AS name,node.icon AS icon,node.level AS level,node.title AS title,node.group_id AS group_id,node.sort AS sort,node.status AS status,node.remark AS remark,node.pid AS pid,node.showmenu AS showmenu,node.toolshow AS toolshow,node.type AS type,`group`.name AS group_name FROM node node LEFT JOIN `group` `group` ON node.group_id=`group`.id WHERE ( node.pid = 0 ) ORDER BY node.id asc LIMIT 0,50  
Time 2018-07-23 16:54:50 : SELECT * FROM `group` ORDER BY sorts asc LIMIT 0,50  
Time 2018-07-23 16:54:53 : SELECT node.id AS id,node.name AS name,node.icon AS icon,node.level AS level,node.title AS title,node.group_id AS group_id,node.sort AS sort,node.status AS status,node.remark AS remark,node.pid AS pid,node.showmenu AS showmenu,node.toolshow AS toolshow,node.type AS type,`group`.name AS group_name FROM node node LEFT JOIN `group` `group` ON node.group_id=`group`.id WHERE ( node.pid = 0 ) ORDER BY node.id asc LIMIT 0,50  
Time 2018-07-23 16:54:58 : SELECT * FROM `mis_system_data_roam_mas` ORDER BY id desc LIMIT 0,50  
Time 2018-07-23 16:55:29 : SELECT * FROM `mis_system_data_control_mas` ORDER BY id desc LIMIT 0,50  
Time 2018-07-23 16:55:35 : SELECT * FROM `mis_system_dataview_mas` ORDER BY id desc LIMIT 0,50  
Time 2018-07-23 16:57:12 : SELECT * FROM `mis_system_dataview_mas` ORDER BY id desc LIMIT 0,50  
Time 2018-07-23 16:58:12 : SELECT * FROM `mis_system_data_control_mas` ORDER BY id desc LIMIT 0,50  
Time 2018-07-24 09:43:40 : SELECT * FROM `mis_system_client_change_role` ORDER BY id desc LIMIT 0,50  
Time 2018-07-24 09:44:50 : SELECT * FROM `mis_system_client_change_role` ORDER BY id desc LIMIT 50,50  
Time 2018-07-24 09:45:38 : SELECT * FROM `mis_system_client_change_role` ORDER BY id desc LIMIT 0,50  
Time 2018-07-24 09:45:51 : SELECT * FROM `mis_system_client_change_role` ORDER BY id desc LIMIT 100,50  
Time 2018-07-24 09:47:28 : SELECT * FROM `process_relation_form` WHERE ( `ganyustate` = 1 ) AND ( `auditState` = 0 ) ORDER BY id desc LIMIT 0,50  
Time 2018-07-24 09:48:20 : SELECT * FROM `process_relation_form` WHERE ( `ganyustate` = 1 ) AND ( `auditState` = 0 ) ORDER BY id desc LIMIT 100,50  
Time 2018-07-24 09:50:37 : SELECT * FROM `mis_system_data_update_manage` ORDER BY id desc LIMIT 0,50  
Time 2018-07-24 09:54:21 : SELECT * FROM `mis_system_client_change_role` ORDER BY id desc LIMIT 0,50  
Time 2018-07-24 09:55:30 : SELECT * FROM `mis_system_client_change_role` ORDER BY id desc LIMIT 0,50  
Time 2018-07-24 10:55:36 : SELECT * FROM `mis_system_company` ORDER BY orderno asc LIMIT 0,50  
Time 2018-07-27 15:30:09 : SELECT * FROM `user` ORDER BY id desc LIMIT 0,50  
Time 2018-07-27 15:43:30 : SELECT * FROM `user` ORDER BY id desc LIMIT 0,50  
Time 2018-07-27 15:44:21 : SELECT * FROM `user` ORDER BY id desc LIMIT 0,50  
Time 2018-07-27 15:58:17 : SELECT * FROM `mis_system_flow_type` WHERE ( `outlinelevel` = 1 ) ORDER BY id desc LIMIT 0,50  
Time 2018-07-27 15:59:32 : SELECT * FROM `mis_system_flow_type` WHERE ( `parentid` = 173 ) ORDER BY sort asc LIMIT 0,50  
Time 2018-07-27 16:07:42 : SELECT * FROM `user` ORDER BY id desc LIMIT 0,50  
Time 2018-07-27 16:35:24 : SELECT * FROM `group` ORDER BY sorts asc LIMIT 0,50  
Time 2018-07-27 16:35:39 : SELECT * FROM `mis_system_design_form` ORDER BY id desc LIMIT 0,50  
